# JRE version: Java(TM) SE Runtime Environment (21.0.5+9) (build 21.0.5+9-LTS-239)
# Java VM: Java HotSpot(TM) 64-Bit Server VM (21.0.5+9-LTS-239, mixed mode, emulated-client, sharing, tiered, compressed oops, compressed class ptrs, g1 gc, windows-amd64)
GC Precious Log:
 CardTable entry size: 512
 Card Set container configuration: InlinePtr #cards 4 size 8 Array Of Cards #cards 16 size 48 Howl #buckets 8 coarsen threshold 3686 Howl Bitmap #cards 512 size 80 coarsen threshold 460 Card regions per heap region 1 cards per card region 4096
 CPUs: 16 total, 16 available
 Memory: 15775M
 Large Page Support: Disabled
 NUMA Support: Disabled
 Compressed Oops: Enabled (Zero based)
 Heap Region Size: 2M
 Heap Min Capacity: 8M
 Heap Initial Capacity: 248M
 Heap Max Capacity: 3944M
 Pre-touch: Disabled
 Parallel Workers: 13
 Concurrent Workers: 3
 Concurrent Refinement Workers: 13
 Periodic GC: Disabled
Heap:
 garbage-first heap   total 100352K, used 67149K [0x0000000709800000, 0x0000000800000000)
  region size 2048K, 14 young (28672K), 1 survivors (2048K)
 Metaspace       used 65976K, committed 67456K, reserved 1114112K
  class space    used 8460K, committed 9088K, reserved 1048576K
GC Heap History (20 events):
Event: 1715.663 GC heap after
{Heap after GC invocations=83 (full 0):
 garbage-first heap   total 100352K, used 36768K [0x0000000709800000, 0x0000000800000000)
  region size 2048K, 1 young (2048K), 1 survivors (2048K)
 Metaspace       used 65545K, committed 67456K, reserved 1114112K
  class space    used 8361K, committed 9088K, reserved 1048576K
}
Event: 1720.968 GC heap before
{Heap before GC invocations=84 (full 0):
 garbage-first heap   total 100352K, used 44960K [0x0000000709800000, 0x0000000800000000)
  region size 2048K, 6 young (12288K), 1 survivors (2048K)
 Metaspace       used 65611K, committed 67456K, reserved 1114112K
  class space    used 8377K, committed 9088K, reserved 1048576K
}
Event: 1720.969 GC heap after
{Heap after GC invocations=85 (full 0):
 garbage-first heap   total 100352K, used 37121K [0x0000000709800000, 0x0000000800000000)
  region size 2048K, 1 young (2048K), 1 survivors (2048K)
 Metaspace       used 65611K, committed 67456K, reserved 1114112K
  class space    used 8377K, committed 9088K, reserved 1048576K
}
Event: 1740.491 GC heap before
{Heap before GC invocations=86 (full 0):
 garbage-first heap   total 100352K, used 88321K [0x0000000709800000, 0x0000000800000000)
  region size 2048K, 27 young (55296K), 1 survivors (2048K)
 Metaspace       used 66158K, committed 67456K, reserved 1114112K
  class space    used 8506K, committed 9088K, reserved 1048576K
}
Event: 1740.493 GC heap after
{Heap after GC invocations=87 (full 0):
 garbage-first heap   total 100352K, used 40442K [0x0000000709800000, 0x0000000800000000)
  region size 2048K, 3 young (6144K), 3 survivors (6144K)
 Metaspace       used 66158K, committed 67456K, reserved 1114112K
  class space    used 8506K, committed 9088K, reserved 1048576K
}
Event: 1757.491 GC heap before
{Heap before GC invocations=87 (full 0):
 garbage-first heap   total 100352K, used 83450K [0x0000000709800000, 0x0000000800000000)
  region size 2048K, 25 young (51200K), 3 survivors (6144K)
 Metaspace       used 66240K, committed 67456K, reserved 1114112K
  class space    used 8525K, committed 9088K, reserved 1048576K
}
Event: 1757.494 GC heap after
{Heap after GC invocations=88 (full 0):
 garbage-first heap   total 100352K, used 41545K [0x0000000709800000, 0x0000000800000000)
  region size 2048K, 3 young (6144K), 3 survivors (6144K)
 Metaspace       used 66240K, committed 67456K, reserved 1114112K
  class space    used 8525K, committed 9088K, reserved 1048576K
}
Event: 1772.326 GC heap before
{Heap before GC invocations=89 (full 0):
 garbage-first heap   total 100352K, used 84553K [0x0000000709800000, 0x0000000800000000)
  region size 2048K, 25 young (51200K), 3 survivors (6144K)
 Metaspace       used 66254K, committed 67456K, reserved 1114112K
  class space    used 8527K, committed 9088K, reserved 1048576K
}
Event: 1772.329 GC heap after
{Heap after GC invocations=90 (full 0):
 garbage-first heap   total 100352K, used 41676K [0x0000000709800000, 0x0000000800000000)
  region size 2048K, 1 young (2048K), 1 survivors (2048K)
 Metaspace       used 66254K, committed 67456K, reserved 1114112K
  class space    used 8527K, committed 9088K, reserved 1048576K
}
Event: 1777.785 GC heap before
{Heap before GC invocations=90 (full 0):
 garbage-first heap   total 100352K, used 88780K [0x0000000709800000, 0x0000000800000000)
  region size 2048K, 25 young (51200K), 1 survivors (2048K)
 Metaspace       used 66288K, committed 67456K, reserved 1114112K
  class space    used 8534K, committed 9088K, reserved 1048576K
}
Event: 1777.787 GC heap after
{Heap after GC invocations=91 (full 0):
 garbage-first heap   total 100352K, used 41070K [0x0000000709800000, 0x0000000800000000)
  region size 2048K, 1 young (2048K), 1 survivors (2048K)
 Metaspace       used 66288K, committed 67456K, reserved 1114112K
  class space    used 8534K, committed 9088K, reserved 1048576K
}
Event: 1811.391 GC heap before
{Heap before GC invocations=92 (full 0):
 garbage-first heap   total 100352K, used 90222K [0x0000000709800000, 0x0000000800000000)
  region size 2048K, 25 young (51200K), 1 survivors (2048K)
 Metaspace       used 66356K, committed 67456K, reserved 1114112K
  class space    used 8551K, committed 9088K, reserved 1048576K
}
Event: 1811.392 GC heap after
{Heap after GC invocations=93 (full 0):
 garbage-first heap   total 100352K, used 41329K [0x0000000709800000, 0x0000000800000000)
  region size 2048K, 1 young (2048K), 1 survivors (2048K)
 Metaspace       used 66356K, committed 67456K, reserved 1114112K
  class space    used 8551K, committed 9088K, reserved 1048576K
}
Event: 1852.402 GC heap before
{Heap before GC invocations=93 (full 0):
 garbage-first heap   total 100352K, used 90481K [0x0000000709800000, 0x0000000800000000)
  region size 2048K, 25 young (51200K), 1 survivors (2048K)
 Metaspace       used 66356K, committed 67456K, reserved 1114112K
  class space    used 8551K, committed 9088K, reserved 1048576K
}
Event: 1852.403 GC heap after
{Heap after GC invocations=94 (full 0):
 garbage-first heap   total 100352K, used 40812K [0x0000000709800000, 0x0000000800000000)
  region size 2048K, 1 young (2048K), 1 survivors (2048K)
 Metaspace       used 66356K, committed 67456K, reserved 1114112K
  class space    used 8551K, committed 9088K, reserved 1048576K
}
Event: 1892.730 GC heap before
{Heap before GC invocations=94 (full 0):
 garbage-first heap   total 100352K, used 89964K [0x0000000709800000, 0x0000000800000000)
  region size 2048K, 25 young (51200K), 1 survivors (2048K)
 Metaspace       used 66356K, committed 67456K, reserved 1114112K
  class space    used 8551K, committed 9088K, reserved 1048576K
}
Event: 1892.732 GC heap after
{Heap after GC invocations=95 (full 0):
 garbage-first heap   total 100352K, used 41068K [0x0000000709800000, 0x0000000800000000)
  region size 2048K, 1 young (2048K), 1 survivors (2048K)
 Metaspace       used 66356K, committed 67456K, reserved 1114112K
  class space    used 8551K, committed 9088K, reserved 1048576K
}
Event: 1933.163 GC heap before
{Heap before GC invocations=96 (full 0):
 garbage-first heap   total 100352K, used 90220K [0x0000000709800000, 0x0000000800000000)
  region size 2048K, 25 young (51200K), 1 survivors (2048K)
 Metaspace       used 65800K, committed 67456K, reserved 1114112K
  class space    used 8419K, committed 9088K, reserved 1048576K
}
Event: 1933.164 GC heap after
{Heap after GC invocations=97 (full 0):
 garbage-first heap   total 100352K, used 41096K [0x0000000709800000, 0x0000000800000000)
  region size 2048K, 1 young (2048K), 1 survivors (2048K)
 Metaspace       used 65800K, committed 67456K, reserved 1114112K
  class space    used 8419K, committed 9088K, reserved 1048576K
}
Event: 1987.845 GC heap before
{Heap before GC invocations=97 (full 0):
 garbage-first heap   total 100352K, used 63624K [0x0000000709800000, 0x0000000800000000)
  region size 2048K, 14 young (28672K), 1 survivors (2048K)
 Metaspace       used 65976K, committed 67456K, reserved 1114112K
  class space    used 8460K, committed 9088K, reserved 1048576K
}

