# JRE version: Java(TM) SE Runtime Environment (21.0.5+9) (build 21.0.5+9-LTS-239)
# Java VM: Java HotSpot(TM) 64-Bit Server VM (21.0.5+9-LTS-239, mixed mode, emulated-client, sharing, tiered, compressed oops, compressed class ptrs, g1 gc, windows-amd64)
GC Precious Log:
 CardTable entry size: 512
 Card Set container configuration: InlinePtr #cards 4 size 8 Array Of Cards #cards 16 size 48 Howl #buckets 8 coarsen threshold 3686 Howl Bitmap #cards 512 size 80 coarsen threshold 460 Card regions per heap region 1 cards per card region 4096
 CPUs: 16 total, 16 available
 Memory: 15775M
 Large Page Support: Disabled
 NUMA Support: Disabled
 Compressed Oops: Enabled (Zero based)
 Heap Region Size: 2M
 Heap Min Capacity: 8M
 Heap Initial Capacity: 248M
 Heap Max Capacity: 3944M
 Pre-touch: Disabled
 Parallel Workers: 13
 Concurrent Workers: 3
 Concurrent Refinement Workers: 13
 Periodic GC: Disabled
Heap:
 garbage-first heap   total 143360K, used 68290K [0x0000000709800000, 0x0000000800000000)
  region size 2048K, 14 young (28672K), 1 survivors (2048K)
 Metaspace       used 100763K, committed 102912K, reserved 1179648K
  class space    used 11501K, committed 12416K, reserved 1048576K
GC Heap History (20 events):
Event: 11819.080 GC heap before
{Heap before GC invocations=303 (full 14):
 garbage-first heap   total 143360K, used 126733K [0x0000000709800000, 0x0000000800000000)
  region size 2048K, 42 young (86016K), 3 survivors (6144K)
 Metaspace       used 101222K, committed 102976K, reserved 1179648K
  class space    used 11622K, committed 12416K, reserved 1048576K
}
Event: 11819.086 GC heap after
{Heap after GC invocations=304 (full 14):
 garbage-first heap   total 143360K, used 47313K [0x0000000709800000, 0x0000000800000000)
  region size 2048K, 3 young (6144K), 3 survivors (6144K)
 Metaspace       used 101222K, committed 102976K, reserved 1179648K
  class space    used 11622K, committed 12416K, reserved 1048576K
}
Event: 11896.040 GC heap before
{Heap before GC invocations=305 (full 14):
 garbage-first heap   total 143360K, used 127185K [0x0000000709800000, 0x0000000800000000)
  region size 2048K, 42 young (86016K), 3 survivors (6144K)
 Metaspace       used 101211K, committed 102976K, reserved 1179648K
  class space    used 11621K, committed 12416K, reserved 1048576K
}
Event: 11896.047 GC heap after
{Heap after GC invocations=306 (full 14):
 garbage-first heap   total 143360K, used 47897K [0x0000000709800000, 0x0000000800000000)
  region size 2048K, 3 young (6144K), 3 survivors (6144K)
 Metaspace       used 101211K, committed 102976K, reserved 1179648K
  class space    used 11621K, committed 12416K, reserved 1048576K
}
Event: 11975.162 GC heap before
{Heap before GC invocations=306 (full 14):
 garbage-first heap   total 143360K, used 127769K [0x0000000709800000, 0x0000000800000000)
  region size 2048K, 42 young (86016K), 3 survivors (6144K)
 Metaspace       used 101211K, committed 102976K, reserved 1179648K
  class space    used 11621K, committed 12416K, reserved 1048576K
}
Event: 11975.169 GC heap after
{Heap after GC invocations=307 (full 14):
 garbage-first heap   total 143360K, used 44570K [0x0000000709800000, 0x0000000800000000)
  region size 2048K, 2 young (4096K), 2 survivors (4096K)
 Metaspace       used 101211K, committed 102976K, reserved 1179648K
  class space    used 11621K, committed 12416K, reserved 1048576K
}
Event: 12053.991 GC heap before
{Heap before GC invocations=307 (full 14):
 garbage-first heap   total 143360K, used 126490K [0x0000000709800000, 0x0000000800000000)
  region size 2048K, 42 young (86016K), 2 survivors (4096K)
 Metaspace       used 101211K, committed 102976K, reserved 1179648K
  class space    used 11621K, committed 12416K, reserved 1048576K
}
Event: 12053.996 GC heap after
{Heap after GC invocations=308 (full 14):
 garbage-first heap   total 143360K, used 44690K [0x0000000709800000, 0x0000000800000000)
  region size 2048K, 2 young (4096K), 2 survivors (4096K)
 Metaspace       used 101211K, committed 102976K, reserved 1179648K
  class space    used 11621K, committed 12416K, reserved 1048576K
}
Event: 12134.337 GC heap before
{Heap before GC invocations=309 (full 14):
 garbage-first heap   total 143360K, used 126610K [0x0000000709800000, 0x0000000800000000)
  region size 2048K, 42 young (86016K), 2 survivors (4096K)
 Metaspace       used 101211K, committed 102976K, reserved 1179648K
  class space    used 11621K, committed 12416K, reserved 1048576K
}
Event: 12134.341 GC heap after
{Heap after GC invocations=310 (full 14):
 garbage-first heap   total 143360K, used 44534K [0x0000000709800000, 0x0000000800000000)
  region size 2048K, 2 young (4096K), 2 survivors (4096K)
 Metaspace       used 101211K, committed 102976K, reserved 1179648K
  class space    used 11621K, committed 12416K, reserved 1048576K
}
Event: 12213.950 GC heap before
{Heap before GC invocations=310 (full 14):
 garbage-first heap   total 143360K, used 126454K [0x0000000709800000, 0x0000000800000000)
  region size 2048K, 42 young (86016K), 2 survivors (4096K)
 Metaspace       used 101211K, committed 102976K, reserved 1179648K
  class space    used 11621K, committed 12416K, reserved 1048576K
}
Event: 12213.953 GC heap after
{Heap after GC invocations=311 (full 14):
 garbage-first heap   total 143360K, used 44302K [0x0000000709800000, 0x0000000800000000)
  region size 2048K, 2 young (4096K), 2 survivors (4096K)
 Metaspace       used 101211K, committed 102976K, reserved 1179648K
  class space    used 11621K, committed 12416K, reserved 1048576K
}
Event: 12293.350 GC heap before
{Heap before GC invocations=311 (full 14):
 garbage-first heap   total 143360K, used 126222K [0x0000000709800000, 0x0000000800000000)
  region size 2048K, 42 young (86016K), 2 survivors (4096K)
 Metaspace       used 101213K, committed 102976K, reserved 1179648K
  class space    used 11621K, committed 12416K, reserved 1048576K
}
Event: 12293.354 GC heap after
{Heap after GC invocations=312 (full 14):
 garbage-first heap   total 143360K, used 44161K [0x0000000709800000, 0x0000000800000000)
  region size 2048K, 1 young (2048K), 1 survivors (2048K)
 Metaspace       used 101213K, committed 102976K, reserved 1179648K
  class space    used 11621K, committed 12416K, reserved 1048576K
}
Event: 12375.247 GC heap before
{Heap before GC invocations=313 (full 14):
 garbage-first heap   total 143360K, used 128129K [0x0000000709800000, 0x0000000800000000)
  region size 2048K, 42 young (86016K), 1 survivors (2048K)
 Metaspace       used 101213K, committed 102976K, reserved 1179648K
  class space    used 11621K, committed 12416K, reserved 1048576K
}
Event: 12375.251 GC heap after
{Heap after GC invocations=314 (full 14):
 garbage-first heap   total 143360K, used 44405K [0x0000000709800000, 0x0000000800000000)
  region size 2048K, 2 young (4096K), 2 survivors (4096K)
 Metaspace       used 101213K, committed 102976K, reserved 1179648K
  class space    used 11621K, committed 12416K, reserved 1048576K
}
Event: 12454.187 GC heap before
{Heap before GC invocations=314 (full 14):
 garbage-first heap   total 143360K, used 126325K [0x0000000709800000, 0x0000000800000000)
  region size 2048K, 42 young (86016K), 2 survivors (4096K)
 Metaspace       used 101213K, committed 102976K, reserved 1179648K
  class space    used 11621K, committed 12416K, reserved 1048576K
}
Event: 12454.193 GC heap after
{Heap after GC invocations=315 (full 14):
 garbage-first heap   total 143360K, used 43605K [0x0000000709800000, 0x0000000800000000)
  region size 2048K, 1 young (2048K), 1 survivors (2048K)
 Metaspace       used 101213K, committed 102976K, reserved 1179648K
  class space    used 11621K, committed 12416K, reserved 1048576K
}
Event: 12534.631 GC heap before
{Heap before GC invocations=315 (full 14):
 garbage-first heap   total 143360K, used 127573K [0x0000000709800000, 0x0000000800000000)
  region size 2048K, 42 young (86016K), 1 survivors (2048K)
 Metaspace       used 101213K, committed 102976K, reserved 1179648K
  class space    used 11621K, committed 12416K, reserved 1048576K
}
Event: 12534.634 GC heap after
{Heap after GC invocations=316 (full 14):
 garbage-first heap   total 143360K, used 43714K [0x0000000709800000, 0x0000000800000000)
  region size 2048K, 1 young (2048K), 1 survivors (2048K)
 Metaspace       used 101213K, committed 102976K, reserved 1179648K
  class space    used 11621K, committed 12416K, reserved 1048576K
}

