# JRE version: Java(TM) SE Runtime Environment (21.0.5+9) (build 21.0.5+9-LTS-239)
# Java VM: Java HotSpot(TM) 64-Bit Server VM (21.0.5+9-LTS-239, mixed mode, emulated-client, sharing, tiered, compressed oops, compressed class ptrs, g1 gc, windows-amd64)
GC Precious Log:
 CardTable entry size: 512
 Card Set container configuration: InlinePtr #cards 4 size 8 Array Of Cards #cards 16 size 48 Howl #buckets 8 coarsen threshold 3686 Howl Bitmap #cards 512 size 80 coarsen threshold 460 Card regions per heap region 1 cards per card region 4096
 CPUs: 16 total, 16 available
 Memory: 15775M
 Large Page Support: Disabled
 NUMA Support: Disabled
 Compressed Oops: Enabled (Zero based)
 Heap Region Size: 2M
 Heap Min Capacity: 8M
 Heap Initial Capacity: 248M
 Heap Max Capacity: 3944M
 Pre-touch: Disabled
 Parallel Workers: 13
 Concurrent Workers: 3
 Concurrent Refinement Workers: 13
 Periodic GC: Disabled
Heap:
 garbage-first heap   total 364544K, used 327352K [0x0000000709800000, 0x0000000800000000)
  region size 2048K, 109 young (223232K), 13 survivors (26624K)
 Metaspace       used 340798K, committed 344000K, reserved 1376256K
  class space    used 28623K, committed 30080K, reserved 1048576K
GC Heap History (20 events):
Event: 58155.545 GC heap after
{Heap after GC invocations=3304 (full 40):
 garbage-first heap   total 362496K, used 132834K [0x0000000709800000, 0x0000000800000000)
  region size 2048K, 6 young (12288K), 6 survivors (12288K)
 Metaspace       used 341030K, committed 344000K, reserved 1376256K
  class space    used 28675K, committed 30080K, reserved 1048576K
}
Event: 58158.424 GC heap before
{Heap before GC invocations=3304 (full 40):
 garbage-first heap   total 362496K, used 327394K [0x0000000709800000, 0x0000000800000000)
  region size 2048K, 101 young (206848K), 6 survivors (12288K)
 Metaspace       used 341030K, committed 344000K, reserved 1376256K
  class space    used 28675K, committed 30080K, reserved 1048576K
}
Event: 58158.429 GC heap after
{Heap after GC invocations=3305 (full 40):
 garbage-first heap   total 362496K, used 132396K [0x0000000709800000, 0x0000000800000000)
  region size 2048K, 7 young (14336K), 7 survivors (14336K)
 Metaspace       used 341030K, committed 344000K, reserved 1376256K
  class space    used 28675K, committed 30080K, reserved 1048576K
}
Event: 58161.356 GC heap before
{Heap before GC invocations=3305 (full 40):
 garbage-first heap   total 362496K, used 324908K [0x0000000709800000, 0x0000000800000000)
  region size 2048K, 101 young (206848K), 7 survivors (14336K)
 Metaspace       used 341030K, committed 344000K, reserved 1376256K
  class space    used 28675K, committed 30080K, reserved 1048576K
}
Event: 58161.361 GC heap after
{Heap after GC invocations=3306 (full 40):
 garbage-first heap   total 362496K, used 132060K [0x0000000709800000, 0x0000000800000000)
  region size 2048K, 7 young (14336K), 7 survivors (14336K)
 Metaspace       used 341030K, committed 344000K, reserved 1376256K
  class space    used 28675K, committed 30080K, reserved 1048576K
}
Event: 58164.389 GC heap before
{Heap before GC invocations=3307 (full 40):
 garbage-first heap   total 362496K, used 324572K [0x0000000709800000, 0x0000000800000000)
  region size 2048K, 101 young (206848K), 7 survivors (14336K)
 Metaspace       used 340871K, committed 344000K, reserved 1376256K
  class space    used 28636K, committed 30080K, reserved 1048576K
}
Event: 58164.393 GC heap after
{Heap after GC invocations=3308 (full 40):
 garbage-first heap   total 362496K, used 131105K [0x0000000709800000, 0x0000000800000000)
  region size 2048K, 6 young (12288K), 6 survivors (12288K)
 Metaspace       used 340871K, committed 344000K, reserved 1376256K
  class space    used 28636K, committed 30080K, reserved 1048576K
}
Event: 58167.341 GC heap before
{Heap before GC invocations=3308 (full 40):
 garbage-first heap   total 362496K, used 325665K [0x0000000709800000, 0x0000000800000000)
  region size 2048K, 101 young (206848K), 6 survivors (12288K)
 Metaspace       used 340871K, committed 344000K, reserved 1376256K
  class space    used 28636K, committed 30080K, reserved 1048576K
}
Event: 58167.345 GC heap after
{Heap after GC invocations=3309 (full 40):
 garbage-first heap   total 362496K, used 131574K [0x0000000709800000, 0x0000000800000000)
  region size 2048K, 6 young (12288K), 6 survivors (12288K)
 Metaspace       used 340871K, committed 344000K, reserved 1376256K
  class space    used 28636K, committed 30080K, reserved 1048576K
}
Event: 58170.303 GC heap before
{Heap before GC invocations=3309 (full 40):
 garbage-first heap   total 362496K, used 328182K [0x0000000709800000, 0x0000000800000000)
  region size 2048K, 102 young (208896K), 6 survivors (12288K)
 Metaspace       used 340871K, committed 344000K, reserved 1376256K
  class space    used 28636K, committed 30080K, reserved 1048576K
}
Event: 58170.306 GC heap after
{Heap after GC invocations=3310 (full 40):
 garbage-first heap   total 362496K, used 129605K [0x0000000709800000, 0x0000000800000000)
  region size 2048K, 5 young (10240K), 5 survivors (10240K)
 Metaspace       used 340871K, committed 344000K, reserved 1376256K
  class space    used 28636K, committed 30080K, reserved 1048576K
}
Event: 58173.526 GC heap before
{Heap before GC invocations=3311 (full 40):
 garbage-first heap   total 362496K, used 330309K [0x0000000709800000, 0x0000000800000000)
  region size 2048K, 103 young (210944K), 5 survivors (10240K)
 Metaspace       used 340792K, committed 344000K, reserved 1376256K
  class space    used 28623K, committed 30080K, reserved 1048576K
}
Event: 58173.530 GC heap after
{Heap after GC invocations=3312 (full 40):
 garbage-first heap   total 362496K, used 131672K [0x0000000709800000, 0x0000000800000000)
  region size 2048K, 6 young (12288K), 6 survivors (12288K)
 Metaspace       used 340792K, committed 344000K, reserved 1376256K
  class space    used 28623K, committed 30080K, reserved 1048576K
}
Event: 58176.568 GC heap before
{Heap before GC invocations=3312 (full 40):
 garbage-first heap   total 362496K, used 328280K [0x0000000709800000, 0x0000000800000000)
  region size 2048K, 102 young (208896K), 6 survivors (12288K)
 Metaspace       used 340792K, committed 344000K, reserved 1376256K
  class space    used 28623K, committed 30080K, reserved 1048576K
}
Event: 58176.571 GC heap after
{Heap after GC invocations=3313 (full 40):
 garbage-first heap   total 362496K, used 128714K [0x0000000709800000, 0x0000000800000000)
  region size 2048K, 5 young (10240K), 5 survivors (10240K)
 Metaspace       used 340792K, committed 344000K, reserved 1376256K
  class space    used 28623K, committed 30080K, reserved 1048576K
}
Event: 58179.681 GC heap before
{Heap before GC invocations=3313 (full 40):
 garbage-first heap   total 362496K, used 329418K [0x0000000709800000, 0x0000000800000000)
  region size 2048K, 103 young (210944K), 5 survivors (10240K)
 Metaspace       used 340792K, committed 344000K, reserved 1376256K
  class space    used 28623K, committed 30080K, reserved 1048576K
}
Event: 58179.685 GC heap after
{Heap after GC invocations=3314 (full 40):
 garbage-first heap   total 362496K, used 131105K [0x0000000709800000, 0x0000000800000000)
  region size 2048K, 6 young (12288K), 6 survivors (12288K)
 Metaspace       used 340792K, committed 344000K, reserved 1376256K
  class space    used 28623K, committed 30080K, reserved 1048576K
}
Event: 58182.642 GC heap before
{Heap before GC invocations=3315 (full 40):
 garbage-first heap   total 362496K, used 327713K [0x0000000709800000, 0x0000000800000000)
  region size 2048K, 102 young (208896K), 6 survivors (12288K)
 Metaspace       used 340792K, committed 344000K, reserved 1376256K
  class space    used 28623K, committed 30080K, reserved 1048576K
}
Event: 58182.646 GC heap after
{Heap after GC invocations=3316 (full 40):
 garbage-first heap   total 362496K, used 130744K [0x0000000709800000, 0x0000000800000000)
  region size 2048K, 6 young (12288K), 6 survivors (12288K)
 Metaspace       used 340792K, committed 344000K, reserved 1376256K
  class space    used 28623K, committed 30080K, reserved 1048576K
}
Event: 58186.295 GC heap before
{Heap before GC invocations=3316 (full 40):
 garbage-first heap   total 362496K, used 327352K [0x0000000709800000, 0x0000000800000000)
  region size 2048K, 102 young (208896K), 6 survivors (12288K)
 Metaspace       used 340798K, committed 344000K, reserved 1376256K
  class space    used 28623K, committed 30080K, reserved 1048576K
}

