# JRE version: Java(TM) SE Runtime Environment (21.0.5+9) (build 21.0.5+9-LTS-239)
# Java VM: Java HotSpot(TM) 64-Bit Server VM (21.0.5+9-LTS-239, mixed mode, emulated-client, sharing, tiered, compressed oops, compressed class ptrs, g1 gc, windows-amd64)
GC Precious Log:
 CardTable entry size: 512
 Card Set container configuration: InlinePtr #cards 4 size 8 Array Of Cards #cards 16 size 48 Howl #buckets 8 coarsen threshold 3686 Howl Bitmap #cards 512 size 80 coarsen threshold 460 Card regions per heap region 1 cards per card region 4096
 CPUs: 16 total, 16 available
 Memory: 15775M
 Large Page Support: Disabled
 NUMA Support: Disabled
 Compressed Oops: Enabled (Zero based)
 Heap Region Size: 2M
 Heap Min Capacity: 8M
 Heap Initial Capacity: 248M
 Heap Max Capacity: 3944M
 Pre-touch: Disabled
 Parallel Workers: 13
 Concurrent Workers: 3
 Concurrent Refinement Workers: 13
 Periodic GC: Disabled
Heap:
 garbage-first heap   total 112640K, used 93750K [0x0000000709800000, 0x0000000800000000)
  region size 2048K, 22 young (45056K), 1 survivors (2048K)
 Metaspace       used 79665K, committed 81600K, reserved 1179648K
  class space    used 9406K, committed 10176K, reserved 1048576K
GC Heap History (20 events):
Event: 1487.853 GC heap before
{Heap before GC invocations=172 (full 1):
 garbage-first heap   total 112640K, used 88430K [0x0000000709800000, 0x0000000800000000)
  region size 2048K, 16 young (32768K), 2 survivors (4096K)
 Metaspace       used 80450K, committed 81728K, reserved 1179648K
  class space    used 9594K, committed 10176K, reserved 1048576K
}
Event: 1487.855 GC heap after
{Heap after GC invocations=173 (full 1):
 garbage-first heap   total 112640K, used 63089K [0x0000000709800000, 0x0000000800000000)
  region size 2048K, 1 young (2048K), 1 survivors (2048K)
 Metaspace       used 80450K, committed 81728K, reserved 1179648K
  class space    used 9594K, committed 10176K, reserved 1048576K
}
Event: 1492.490 GC heap before
{Heap before GC invocations=173 (full 1):
 garbage-first heap   total 112640K, used 95857K [0x0000000709800000, 0x0000000800000000)
  region size 2048K, 17 young (34816K), 1 survivors (2048K)
 Metaspace       used 80450K, committed 81728K, reserved 1179648K
  class space    used 9594K, committed 10176K, reserved 1048576K
}
Event: 1492.493 GC heap after
{Heap after GC invocations=174 (full 1):
 garbage-first heap   total 112640K, used 56689K [0x0000000709800000, 0x0000000800000000)
  region size 2048K, 1 young (2048K), 1 survivors (2048K)
 Metaspace       used 80450K, committed 81728K, reserved 1179648K
  class space    used 9594K, committed 10176K, reserved 1048576K
}
Event: 1498.293 GC heap before
{Heap before GC invocations=174 (full 1):
 garbage-first heap   total 112640K, used 95601K [0x0000000709800000, 0x0000000800000000)
  region size 2048K, 20 young (40960K), 1 survivors (2048K)
 Metaspace       used 80450K, committed 81728K, reserved 1179648K
  class space    used 9594K, committed 10176K, reserved 1048576K
}
Event: 1498.296 GC heap after
{Heap after GC invocations=175 (full 1):
 garbage-first heap   total 112640K, used 54959K [0x0000000709800000, 0x0000000800000000)
  region size 2048K, 1 young (2048K), 1 survivors (2048K)
 Metaspace       used 80450K, committed 81728K, reserved 1179648K
  class space    used 9594K, committed 10176K, reserved 1048576K
}
Event: 1504.565 GC heap before
{Heap before GC invocations=175 (full 1):
 garbage-first heap   total 112640K, used 97967K [0x0000000709800000, 0x0000000800000000)
  region size 2048K, 22 young (45056K), 1 survivors (2048K)
 Metaspace       used 80464K, committed 81728K, reserved 1179648K
  class space    used 9596K, committed 10176K, reserved 1048576K
}
Event: 1504.567 GC heap after
{Heap after GC invocations=176 (full 1):
 garbage-first heap   total 112640K, used 55100K [0x0000000709800000, 0x0000000800000000)
  region size 2048K, 1 young (2048K), 1 survivors (2048K)
 Metaspace       used 80464K, committed 81728K, reserved 1179648K
  class space    used 9596K, committed 10176K, reserved 1048576K
}
Event: 1510.912 GC heap before
{Heap before GC invocations=177 (full 1):
 garbage-first heap   total 112640K, used 98108K [0x0000000709800000, 0x0000000800000000)
  region size 2048K, 22 young (45056K), 1 survivors (2048K)
 Metaspace       used 80384K, committed 81728K, reserved 1179648K
  class space    used 9584K, committed 10176K, reserved 1048576K
}
Event: 1510.913 GC heap after
{Heap after GC invocations=178 (full 1):
 garbage-first heap   total 112640K, used 55194K [0x0000000709800000, 0x0000000800000000)
  region size 2048K, 1 young (2048K), 1 survivors (2048K)
 Metaspace       used 80384K, committed 81728K, reserved 1179648K
  class space    used 9584K, committed 10176K, reserved 1048576K
}
Event: 1517.194 GC heap before
{Heap before GC invocations=178 (full 1):
 garbage-first heap   total 112640K, used 100250K [0x0000000709800000, 0x0000000800000000)
  region size 2048K, 23 young (47104K), 1 survivors (2048K)
 Metaspace       used 80384K, committed 81728K, reserved 1179648K
  class space    used 9584K, committed 10176K, reserved 1048576K
}
Event: 1517.196 GC heap after
{Heap after GC invocations=179 (full 1):
 garbage-first heap   total 112640K, used 53487K [0x0000000709800000, 0x0000000800000000)
  region size 2048K, 1 young (2048K), 1 survivors (2048K)
 Metaspace       used 80384K, committed 81728K, reserved 1179648K
  class space    used 9584K, committed 10176K, reserved 1048576K
}
Event: 1523.808 GC heap before
{Heap before GC invocations=179 (full 1):
 garbage-first heap   total 112640K, used 100591K [0x0000000709800000, 0x0000000800000000)
  region size 2048K, 24 young (49152K), 1 survivors (2048K)
 Metaspace       used 80384K, committed 81728K, reserved 1179648K
  class space    used 9584K, committed 10176K, reserved 1048576K
}
Event: 1523.810 GC heap after
{Heap after GC invocations=180 (full 1):
 garbage-first heap   total 112640K, used 53444K [0x0000000709800000, 0x0000000800000000)
  region size 2048K, 1 young (2048K), 1 survivors (2048K)
 Metaspace       used 80384K, committed 81728K, reserved 1179648K
  class space    used 9584K, committed 10176K, reserved 1048576K
}
Event: 1530.318 GC heap before
{Heap before GC invocations=181 (full 1):
 garbage-first heap   total 112640K, used 100548K [0x0000000709800000, 0x0000000800000000)
  region size 2048K, 24 young (49152K), 1 survivors (2048K)
 Metaspace       used 80393K, committed 81728K, reserved 1179648K
  class space    used 9586K, committed 10176K, reserved 1048576K
}
Event: 1530.319 GC heap after
{Heap after GC invocations=182 (full 1):
 garbage-first heap   total 112640K, used 53429K [0x0000000709800000, 0x0000000800000000)
  region size 2048K, 1 young (2048K), 1 survivors (2048K)
 Metaspace       used 80393K, committed 81728K, reserved 1179648K
  class space    used 9586K, committed 10176K, reserved 1048576K
}
Event: 1536.815 GC heap before
{Heap before GC invocations=182 (full 1):
 garbage-first heap   total 112640K, used 100533K [0x0000000709800000, 0x0000000800000000)
  region size 2048K, 24 young (49152K), 1 survivors (2048K)
 Metaspace       used 80393K, committed 81728K, reserved 1179648K
  class space    used 9586K, committed 10176K, reserved 1048576K
}
Event: 1536.817 GC heap after
{Heap after GC invocations=183 (full 1):
 garbage-first heap   total 112640K, used 52588K [0x0000000709800000, 0x0000000800000000)
  region size 2048K, 1 young (2048K), 1 survivors (2048K)
 Metaspace       used 80393K, committed 81728K, reserved 1179648K
  class space    used 9586K, committed 10176K, reserved 1048576K
}
Event: 1543.408 GC heap before
{Heap before GC invocations=183 (full 1):
 garbage-first heap   total 112640K, used 99692K [0x0000000709800000, 0x0000000800000000)
  region size 2048K, 24 young (49152K), 1 survivors (2048K)
 Metaspace       used 80393K, committed 81728K, reserved 1179648K
  class space    used 9586K, committed 10176K, reserved 1048576K
}
Event: 1543.409 GC heap after
{Heap after GC invocations=184 (full 1):
 garbage-first heap   total 112640K, used 52790K [0x0000000709800000, 0x0000000800000000)
  region size 2048K, 1 young (2048K), 1 survivors (2048K)
 Metaspace       used 80393K, committed 81728K, reserved 1179648K
  class space    used 9586K, committed 10176K, reserved 1048576K
}

