# JRE version: Java(TM) SE Runtime Environment (21.0.5+9) (build 21.0.5+9-LTS-239)
# Java VM: Java HotSpot(TM) 64-Bit Server VM (21.0.5+9-LTS-239, mixed mode, emulated-client, sharing, tiered, compressed oops, compressed class ptrs, g1 gc, windows-amd64)
GC Precious Log:
 CardTable entry size: 512
 Card Set container configuration: InlinePtr #cards 4 size 8 Array Of Cards #cards 16 size 48 Howl #buckets 8 coarsen threshold 3686 Howl Bitmap #cards 512 size 80 coarsen threshold 460 Card regions per heap region 1 cards per card region 4096
 CPUs: 16 total, 16 available
 Memory: 15775M
 Large Page Support: Disabled
 NUMA Support: Disabled
 Compressed Oops: Enabled (Zero based)
 Heap Region Size: 2M
 Heap Min Capacity: 8M
 Heap Initial Capacity: 248M
 Heap Max Capacity: 3944M
 Pre-touch: Disabled
 Parallel Workers: 13
 Concurrent Workers: 3
 Concurrent Refinement Workers: 13
 Periodic GC: Disabled
Heap:
 garbage-first heap   total 104448K, used 89217K [0x0000000709800000, 0x0000000800000000)
  region size 2048K, 20 young (40960K), 1 survivors (2048K)
 Metaspace       used 71041K, committed 72448K, reserved 1114112K
  class space    used 9086K, committed 9728K, reserved 1048576K
GC Heap History (20 events):
Event: 8.949 GC heap after
{Heap after GC invocations=19 (full 0):
 garbage-first heap   total 104448K, used 38679K [0x0000000709800000, 0x0000000800000000)
  region size 2048K, 4 young (8192K), 4 survivors (8192K)
 Metaspace       used 59932K, committed 60928K, reserved 1114112K
  class space    used 7656K, committed 8128K, reserved 1048576K
}
Event: 9.263 GC heap before
{Heap before GC invocations=19 (full 0):
 garbage-first heap   total 104448K, used 85783K [0x0000000709800000, 0x0000000800000000)
  region size 2048K, 27 young (55296K), 4 survivors (8192K)
 Metaspace       used 62339K, committed 63360K, reserved 1114112K
  class space    used 7997K, committed 8448K, reserved 1048576K
}
Event: 9.268 GC heap after
{Heap after GC invocations=20 (full 0):
 garbage-first heap   total 104448K, used 43462K [0x0000000709800000, 0x0000000800000000)
  region size 2048K, 4 young (8192K), 4 survivors (8192K)
 Metaspace       used 62339K, committed 63360K, reserved 1114112K
  class space    used 7997K, committed 8448K, reserved 1048576K
}
Event: 9.595 GC heap before
{Heap before GC invocations=20 (full 0):
 garbage-first heap   total 104448K, used 70086K [0x0000000709800000, 0x0000000800000000)
  region size 2048K, 19 young (38912K), 4 survivors (8192K)
 Metaspace       used 63409K, committed 64640K, reserved 1114112K
  class space    used 8195K, committed 8768K, reserved 1048576K
}
Event: 9.600 GC heap after
{Heap after GC invocations=21 (full 0):
 garbage-first heap   total 104448K, used 46858K [0x0000000709800000, 0x0000000800000000)
  region size 2048K, 4 young (8192K), 4 survivors (8192K)
 Metaspace       used 63409K, committed 64640K, reserved 1114112K
  class space    used 8195K, committed 8768K, reserved 1048576K
}
Event: 34.639 GC heap before
{Heap before GC invocations=22 (full 0):
 garbage-first heap   total 104448K, used 85770K [0x0000000709800000, 0x0000000800000000)
  region size 2048K, 24 young (49152K), 4 survivors (8192K)
 Metaspace       used 63394K, committed 64640K, reserved 1114112K
  class space    used 8199K, committed 8768K, reserved 1048576K
}
Event: 34.642 GC heap after
{Heap after GC invocations=23 (full 0):
 garbage-first heap   total 104448K, used 48314K [0x0000000709800000, 0x0000000800000000)
  region size 2048K, 1 young (2048K), 1 survivors (2048K)
 Metaspace       used 63394K, committed 64640K, reserved 1114112K
  class space    used 8199K, committed 8768K, reserved 1048576K
}
Event: 47.472 GC heap before
{Heap before GC invocations=23 (full 0):
 garbage-first heap   total 104448K, used 66746K [0x0000000709800000, 0x0000000800000000)
  region size 2048K, 11 young (22528K), 1 survivors (2048K)
 Metaspace       used 63558K, committed 64768K, reserved 1114112K
  class space    used 8232K, committed 8768K, reserved 1048576K
}
Event: 47.514 GC heap after
{Heap after GC invocations=24 (full 1):
 garbage-first heap   total 104448K, used 35704K [0x0000000709800000, 0x0000000800000000)
  region size 2048K, 0 young (0K), 0 survivors (0K)
 Metaspace       used 63549K, committed 64768K, reserved 1114112K
  class space    used 8230K, committed 8768K, reserved 1048576K
}
Event: 47.855 GC heap before
{Heap before GC invocations=24 (full 1):
 garbage-first heap   total 104448K, used 84856K [0x0000000709800000, 0x0000000800000000)
  region size 2048K, 25 young (51200K), 0 survivors (0K)
 Metaspace       used 64413K, committed 65600K, reserved 1114112K
  class space    used 8303K, committed 8832K, reserved 1048576K
}
Event: 47.857 GC heap after
{Heap after GC invocations=25 (full 1):
 garbage-first heap   total 104448K, used 40161K [0x0000000709800000, 0x0000000800000000)
  region size 2048K, 3 young (6144K), 3 survivors (6144K)
 Metaspace       used 64413K, committed 65600K, reserved 1114112K
  class space    used 8303K, committed 8832K, reserved 1048576K
}
Event: 48.158 GC heap before
{Heap before GC invocations=25 (full 1):
 garbage-first heap   total 104448K, used 81121K [0x0000000709800000, 0x0000000800000000)
  region size 2048K, 24 young (49152K), 3 survivors (6144K)
 Metaspace       used 65672K, committed 66944K, reserved 1114112K
  class space    used 8392K, committed 8960K, reserved 1048576K
}
Event: 48.160 GC heap after
{Heap after GC invocations=26 (full 1):
 garbage-first heap   total 104448K, used 43094K [0x0000000709800000, 0x0000000800000000)
  region size 2048K, 2 young (4096K), 2 survivors (4096K)
 Metaspace       used 65672K, committed 66944K, reserved 1114112K
  class space    used 8392K, committed 8960K, reserved 1048576K
}
Event: 51.564 GC heap before
{Heap before GC invocations=26 (full 1):
 garbage-first heap   total 104448K, used 86102K [0x0000000709800000, 0x0000000800000000)
  region size 2048K, 23 young (47104K), 2 survivors (4096K)
 Metaspace       used 66395K, committed 67648K, reserved 1114112K
  class space    used 8446K, committed 9024K, reserved 1048576K
}
Event: 51.567 GC heap after
{Heap after GC invocations=27 (full 1):
 garbage-first heap   total 104448K, used 45366K [0x0000000709800000, 0x0000000800000000)
  region size 2048K, 3 young (6144K), 3 survivors (6144K)
 Metaspace       used 66395K, committed 67648K, reserved 1114112K
  class space    used 8446K, committed 9024K, reserved 1048576K
}
Event: 52.371 GC heap before
{Heap before GC invocations=28 (full 1):
 garbage-first heap   total 104448K, used 82230K [0x0000000709800000, 0x0000000800000000)
  region size 2048K, 22 young (45056K), 3 survivors (6144K)
 Metaspace       used 68156K, committed 69504K, reserved 1114112K
  class space    used 8700K, committed 9280K, reserved 1048576K
}
Event: 52.375 GC heap after
{Heap after GC invocations=29 (full 1):
 garbage-first heap   total 104448K, used 48071K [0x0000000709800000, 0x0000000800000000)
  region size 2048K, 3 young (6144K), 3 survivors (6144K)
 Metaspace       used 68156K, committed 69504K, reserved 1114112K
  class space    used 8700K, committed 9280K, reserved 1048576K
}
Event: 54.061 GC heap before
{Heap before GC invocations=29 (full 1):
 garbage-first heap   total 104448K, used 80839K [0x0000000709800000, 0x0000000800000000)
  region size 2048K, 20 young (40960K), 3 survivors (6144K)
 Metaspace       used 71025K, committed 72384K, reserved 1114112K
  class space    used 9085K, committed 9728K, reserved 1048576K
}
Event: 54.063 GC heap after
{Heap after GC invocations=30 (full 1):
 garbage-first heap   total 104448K, used 50305K [0x0000000709800000, 0x0000000800000000)
  region size 2048K, 2 young (4096K), 2 survivors (4096K)
 Metaspace       used 71025K, committed 72384K, reserved 1114112K
  class space    used 9085K, committed 9728K, reserved 1048576K
}
Event: 85.827 GC heap before
{Heap before GC invocations=30 (full 1):
 garbage-first heap   total 104448K, used 89217K [0x0000000709800000, 0x0000000800000000)
  region size 2048K, 21 young (43008K), 2 survivors (4096K)
 Metaspace       used 71041K, committed 72448K, reserved 1114112K
  class space    used 9086K, committed 9728K, reserved 1048576K
}

