# JRE version: Java(TM) SE Runtime Environment (21.0.5+9) (build 21.0.5+9-LTS-239)
# Java VM: Java HotSpot(TM) 64-Bit Server VM (21.0.5+9-LTS-239, mixed mode, emulated-client, sharing, tiered, compressed oops, compressed class ptrs, g1 gc, windows-amd64)
GC Precious Log:
 CardTable entry size: 512
 Card Set container configuration: InlinePtr #cards 4 size 8 Array Of Cards #cards 16 size 48 Howl #buckets 8 coarsen threshold 3686 Howl Bitmap #cards 512 size 80 coarsen threshold 460 Card regions per heap region 1 cards per card region 4096
 CPUs: 16 total, 16 available
 Memory: 15775M
 Large Page Support: Disabled
 NUMA Support: Disabled
 Compressed Oops: Enabled (Zero based)
 Heap Region Size: 2M
 Heap Min Capacity: 8M
 Heap Initial Capacity: 248M
 Heap Max Capacity: 3944M
 Pre-touch: Disabled
 Parallel Workers: 13
 Concurrent Workers: 3
 Concurrent Refinement Workers: 13
 Periodic GC: Disabled
Heap:
 garbage-first heap   total 198656K, used 166050K [0x0000000709800000, 0x0000000800000000)
  region size 2048K, 53 young (108544K), 3 survivors (6144K)
 Metaspace       used 190770K, committed 193152K, reserved 1245184K
  class space    used 17802K, committed 18944K, reserved 1048576K
GC Heap History (20 events):
Event: 23647.143 GC heap before
{Heap before GC invocations=10810 (full 38):
 garbage-first heap   total 198656K, used 170106K [0x0000000709800000, 0x0000000800000000)
  region size 2048K, 57 young (116736K), 5 survivors (10240K)
 Metaspace       used 190495K, committed 192832K, reserved 1245184K
  class space    used 17752K, committed 18880K, reserved 1048576K
}
Event: 23647.152 GC heap after
{Heap after GC invocations=10811 (full 38):
 garbage-first heap   total 198656K, used 64540K [0x0000000709800000, 0x0000000800000000)
  region size 2048K, 5 young (10240K), 5 survivors (10240K)
 Metaspace       used 190495K, committed 192832K, reserved 1245184K
  class space    used 17752K, committed 18880K, reserved 1048576K
}
Event: 23745.493 GC heap before
{Heap before GC invocations=10811 (full 38):
 garbage-first heap   total 198656K, used 171036K [0x0000000709800000, 0x0000000800000000)
  region size 2048K, 57 young (116736K), 5 survivors (10240K)
 Metaspace       used 190496K, committed 192832K, reserved 1245184K
  class space    used 17752K, committed 18880K, reserved 1048576K
}
Event: 23745.502 GC heap after
{Heap after GC invocations=10812 (full 38):
 garbage-first heap   total 198656K, used 64333K [0x0000000709800000, 0x0000000800000000)
  region size 2048K, 2 young (4096K), 2 survivors (4096K)
 Metaspace       used 190496K, committed 192832K, reserved 1245184K
  class space    used 17752K, committed 18880K, reserved 1048576K
}
Event: 23846.635 GC heap before
{Heap before GC invocations=10812 (full 38):
 garbage-first heap   total 198656K, used 174925K [0x0000000709800000, 0x0000000800000000)
  region size 2048K, 56 young (114688K), 2 survivors (4096K)
 Metaspace       used 190506K, committed 192832K, reserved 1245184K
  class space    used 17754K, committed 18880K, reserved 1048576K
}
Event: 23846.640 GC heap after
{Heap after GC invocations=10813 (full 38):
 garbage-first heap   total 198656K, used 64381K [0x0000000709800000, 0x0000000800000000)
  region size 2048K, 2 young (4096K), 2 survivors (4096K)
 Metaspace       used 190506K, committed 192832K, reserved 1245184K
  class space    used 17754K, committed 18880K, reserved 1048576K
}
Event: 23935.850 GC heap before
{Heap before GC invocations=10814 (full 38):
 garbage-first heap   total 198656K, used 166781K [0x0000000709800000, 0x0000000800000000)
  region size 2048K, 53 young (108544K), 2 survivors (4096K)
 Metaspace       used 190311K, committed 192832K, reserved 1245184K
  class space    used 17709K, committed 18880K, reserved 1048576K
}
Event: 23935.853 GC heap after
{Heap after GC invocations=10815 (full 38):
 garbage-first heap   total 198656K, used 66917K [0x0000000709800000, 0x0000000800000000)
  region size 2048K, 3 young (6144K), 3 survivors (6144K)
 Metaspace       used 190311K, committed 192832K, reserved 1245184K
  class space    used 17709K, committed 18880K, reserved 1048576K
}
Event: 23936.332 GC heap before
{Heap before GC invocations=10816 (full 38):
 garbage-first heap   total 198656K, used 85349K [0x0000000709800000, 0x0000000800000000)
  region size 2048K, 13 young (26624K), 3 survivors (6144K)
 Metaspace       used 190359K, committed 192832K, reserved 1245184K
  class space    used 17721K, committed 18880K, reserved 1048576K
}
Event: 23936.335 GC heap after
{Heap after GC invocations=10817 (full 38):
 garbage-first heap   total 198656K, used 69007K [0x0000000709800000, 0x0000000800000000)
  region size 2048K, 4 young (8192K), 4 survivors (8192K)
 Metaspace       used 190359K, committed 192832K, reserved 1245184K
  class space    used 17721K, committed 18880K, reserved 1048576K
}
Event: 24002.360 GC heap before
{Heap before GC invocations=10818 (full 38):
 garbage-first heap   total 198656K, used 167311K [0x0000000709800000, 0x0000000800000000)
  region size 2048K, 53 young (108544K), 4 survivors (8192K)
 Metaspace       used 190595K, committed 192896K, reserved 1245184K
  class space    used 17777K, committed 18880K, reserved 1048576K
}
Event: 24002.365 GC heap after
{Heap after GC invocations=10819 (full 38):
 garbage-first heap   total 198656K, used 70853K [0x0000000709800000, 0x0000000800000000)
  region size 2048K, 4 young (8192K), 4 survivors (8192K)
 Metaspace       used 190595K, committed 192896K, reserved 1245184K
  class space    used 17777K, committed 18880K, reserved 1048576K
}
Event: 24083.020 GC heap before
{Heap before GC invocations=10819 (full 38):
 garbage-first heap   total 198656K, used 171205K [0x0000000709800000, 0x0000000800000000)
  region size 2048K, 53 young (108544K), 4 survivors (8192K)
 Metaspace       used 190613K, committed 193024K, reserved 1245184K
  class space    used 17780K, committed 18944K, reserved 1048576K
}
Event: 24083.027 GC heap after
{Heap after GC invocations=10820 (full 38):
 garbage-first heap   total 198656K, used 68135K [0x0000000709800000, 0x0000000800000000)
  region size 2048K, 4 young (8192K), 4 survivors (8192K)
 Metaspace       used 190613K, committed 193024K, reserved 1245184K
  class space    used 17780K, committed 18944K, reserved 1048576K
}
Event: 24165.151 GC heap before
{Heap before GC invocations=10820 (full 38):
 garbage-first heap   total 198656K, used 174631K [0x0000000709800000, 0x0000000800000000)
  region size 2048K, 56 young (114688K), 4 survivors (8192K)
 Metaspace       used 190633K, committed 193024K, reserved 1245184K
  class space    used 17784K, committed 18944K, reserved 1048576K
}
Event: 24165.156 GC heap after
{Heap after GC invocations=10821 (full 38):
 garbage-first heap   total 198656K, used 66902K [0x0000000709800000, 0x0000000800000000)
  region size 2048K, 4 young (8192K), 4 survivors (8192K)
 Metaspace       used 190633K, committed 193024K, reserved 1245184K
  class space    used 17784K, committed 18944K, reserved 1048576K
}
Event: 24227.488 GC heap before
{Heap before GC invocations=10822 (full 38):
 garbage-first heap   total 198656K, used 171350K [0x0000000709800000, 0x0000000800000000)
  region size 2048K, 56 young (114688K), 4 survivors (8192K)
 Metaspace       used 190663K, committed 193024K, reserved 1245184K
  class space    used 17794K, committed 18944K, reserved 1048576K
}
Event: 24227.493 GC heap after
{Heap after GC invocations=10823 (full 38):
 garbage-first heap   total 198656K, used 66883K [0x0000000709800000, 0x0000000800000000)
  region size 2048K, 4 young (8192K), 4 survivors (8192K)
 Metaspace       used 190663K, committed 193024K, reserved 1245184K
  class space    used 17794K, committed 18944K, reserved 1048576K
}
Event: 24293.408 GC heap before
{Heap before GC invocations=10823 (full 38):
 garbage-first heap   total 198656K, used 173379K [0x0000000709800000, 0x0000000800000000)
  region size 2048K, 56 young (114688K), 4 survivors (8192K)
 Metaspace       used 190690K, committed 193088K, reserved 1245184K
  class space    used 17799K, committed 18944K, reserved 1048576K
}
Event: 24293.414 GC heap after
{Heap after GC invocations=10824 (full 38):
 garbage-first heap   total 198656K, used 65698K [0x0000000709800000, 0x0000000800000000)
  region size 2048K, 3 young (6144K), 3 survivors (6144K)
 Metaspace       used 190690K, committed 193088K, reserved 1245184K
  class space    used 17799K, committed 18944K, reserved 1048576K
}

