# JRE version: Java(TM) SE Runtime Environment (21.0.5+9) (build 21.0.5+9-LTS-239)
# Java VM: Java HotSpot(TM) 64-Bit Server VM (21.0.5+9-LTS-239, mixed mode, emulated-client, sharing, tiered, compressed oops, compressed class ptrs, g1 gc, windows-amd64)
GC Precious Log:
 CardTable entry size: 512
 Card Set container configuration: InlinePtr #cards 4 size 8 Array Of Cards #cards 16 size 48 Howl #buckets 8 coarsen threshold 3686 Howl Bitmap #cards 512 size 80 coarsen threshold 460 Card regions per heap region 1 cards per card region 4096
 CPUs: 16 total, 16 available
 Memory: 15775M
 Large Page Support: Disabled
 NUMA Support: Disabled
 Compressed Oops: Enabled (Zero based)
 Heap Region Size: 2M
 Heap Min Capacity: 8M
 Heap Initial Capacity: 248M
 Heap Max Capacity: 3944M
 Pre-touch: Disabled
 Parallel Workers: 13
 Concurrent Workers: 3
 Concurrent Refinement Workers: 13
 Periodic GC: Disabled
Heap:
 garbage-first heap   total 151552K, used 93647K [0x0000000709800000, 0x0000000800000000)
  region size 2048K, 20 young (40960K), 2 survivors (4096K)
 Metaspace       used 141685K, committed 144384K, reserved 1179648K
  class space    used 14436K, committed 15552K, reserved 1048576K
GC Heap History (20 events):
Event: 10073.195 GC heap before
{Heap before GC invocations=460 (full 25):
 garbage-first heap   total 151552K, used 81909K [0x0000000709800000, 0x0000000800000000)
  region size 2048K, 15 young (30720K), 3 survivors (6144K)
 Metaspace       used 137430K, committed 139584K, reserved 1179648K
  class space    used 14266K, committed 15296K, reserved 1048576K
}
Event: 10073.237 GC heap after
{Heap after GC invocations=461 (full 26):
 garbage-first heap   total 151552K, used 48223K [0x0000000709800000, 0x0000000800000000)
  region size 2048K, 0 young (0K), 0 survivors (0K)
 Metaspace       used 137137K, committed 139584K, reserved 1179648K
  class space    used 14208K, committed 15296K, reserved 1048576K
}
Event: 10075.023 GC heap before
{Heap before GC invocations=461 (full 26):
 garbage-first heap   total 151552K, used 128095K [0x0000000709800000, 0x0000000800000000)
  region size 2048K, 40 young (81920K), 0 survivors (0K)
 Metaspace       used 138764K, committed 140800K, reserved 1179648K
  class space    used 14360K, committed 15296K, reserved 1048576K
}
Event: 10075.026 GC heap after
{Heap after GC invocations=462 (full 26):
 garbage-first heap   total 151552K, used 54944K [0x0000000709800000, 0x0000000800000000)
  region size 2048K, 4 young (8192K), 4 survivors (8192K)
 Metaspace       used 138764K, committed 140800K, reserved 1179648K
  class space    used 14360K, committed 15296K, reserved 1048576K
}
Event: 10085.604 GC heap before
{Heap before GC invocations=463 (full 26):
 garbage-first heap   total 151552K, used 126624K [0x0000000709800000, 0x0000000800000000)
  region size 2048K, 39 young (79872K), 4 survivors (8192K)
 Metaspace       used 139892K, committed 141952K, reserved 1179648K
  class space    used 14441K, committed 15424K, reserved 1048576K
}
Event: 10085.607 GC heap after
{Heap after GC invocations=464 (full 26):
 garbage-first heap   total 151552K, used 57523K [0x0000000709800000, 0x0000000800000000)
  region size 2048K, 3 young (6144K), 3 survivors (6144K)
 Metaspace       used 139892K, committed 141952K, reserved 1179648K
  class space    used 14441K, committed 15424K, reserved 1048576K
}
Event: 10121.959 GC heap before
{Heap before GC invocations=464 (full 26):
 garbage-first heap   total 151552K, used 116915K [0x0000000709800000, 0x0000000800000000)
  region size 2048K, 34 young (69632K), 3 survivors (6144K)
 Metaspace       used 139908K, committed 142016K, reserved 1179648K
  class space    used 14442K, committed 15424K, reserved 1048576K
}
Event: 10121.995 GC heap after
{Heap after GC invocations=465 (full 27):
 garbage-first heap   total 151552K, used 48695K [0x0000000709800000, 0x0000000800000000)
  region size 2048K, 0 young (0K), 0 survivors (0K)
 Metaspace       used 139644K, committed 142016K, reserved 1179648K
  class space    used 14388K, committed 15424K, reserved 1048576K
}
Event: 10123.441 GC heap before
{Heap before GC invocations=465 (full 27):
 garbage-first heap   total 151552K, used 126519K [0x0000000709800000, 0x0000000800000000)
  region size 2048K, 39 young (79872K), 0 survivors (0K)
 Metaspace       used 141257K, committed 143296K, reserved 1179648K
  class space    used 14531K, committed 15488K, reserved 1048576K
}
Event: 10123.444 GC heap after
{Heap after GC invocations=466 (full 27):
 garbage-first heap   total 151552K, used 54979K [0x0000000709800000, 0x0000000800000000)
  region size 2048K, 4 young (8192K), 4 survivors (8192K)
 Metaspace       used 141257K, committed 143296K, reserved 1179648K
  class space    used 14531K, committed 15488K, reserved 1048576K
}
Event: 10123.643 GC heap before
{Heap before GC invocations=467 (full 27):
 garbage-first heap   total 151552K, used 73411K [0x0000000709800000, 0x0000000800000000)
  region size 2048K, 14 young (28672K), 4 survivors (8192K)
 Metaspace       used 141921K, committed 143936K, reserved 1179648K
  class space    used 14580K, committed 15552K, reserved 1048576K
}
Event: 10123.645 GC heap after
{Heap after GC invocations=468 (full 27):
 garbage-first heap   total 151552K, used 56666K [0x0000000709800000, 0x0000000800000000)
  region size 2048K, 1 young (2048K), 1 survivors (2048K)
 Metaspace       used 141921K, committed 143936K, reserved 1179648K
  class space    used 14580K, committed 15552K, reserved 1048576K
}
Event: 10155.101 GC heap before
{Heap before GC invocations=469 (full 27):
 garbage-first heap   total 151552K, used 128346K [0x0000000709800000, 0x0000000800000000)
  region size 2048K, 36 young (73728K), 1 survivors (2048K)
 Metaspace       used 142397K, committed 144384K, reserved 1179648K
  class space    used 14614K, committed 15552K, reserved 1048576K
}
Event: 10155.103 GC heap after
{Heap after GC invocations=470 (full 27):
 garbage-first heap   total 151552K, used 58610K [0x0000000709800000, 0x0000000800000000)
  region size 2048K, 2 young (4096K), 2 survivors (4096K)
 Metaspace       used 142397K, committed 144384K, reserved 1179648K
  class space    used 14614K, committed 15552K, reserved 1048576K
}
Event: 10214.820 GC heap before
{Heap before GC invocations=470 (full 27):
 garbage-first heap   total 151552K, used 130290K [0x0000000709800000, 0x0000000800000000)
  region size 2048K, 37 young (75776K), 2 survivors (4096K)
 Metaspace       used 142406K, committed 144384K, reserved 1179648K
  class space    used 14616K, committed 15552K, reserved 1048576K
}
Event: 10214.822 GC heap after
{Heap after GC invocations=471 (full 27):
 garbage-first heap   total 151552K, used 58555K [0x0000000709800000, 0x0000000800000000)
  region size 2048K, 2 young (4096K), 2 survivors (4096K)
 Metaspace       used 142406K, committed 144384K, reserved 1179648K
  class space    used 14616K, committed 15552K, reserved 1048576K
}
Event: 10273.681 GC heap before
{Heap before GC invocations=471 (full 27):
 garbage-first heap   total 151552K, used 130235K [0x0000000709800000, 0x0000000800000000)
  region size 2048K, 37 young (75776K), 2 survivors (4096K)
 Metaspace       used 142406K, committed 144384K, reserved 1179648K
  class space    used 14616K, committed 15552K, reserved 1048576K
}
Event: 10273.683 GC heap after
{Heap after GC invocations=472 (full 27):
 garbage-first heap   total 151552K, used 58649K [0x0000000709800000, 0x0000000800000000)
  region size 2048K, 2 young (4096K), 2 survivors (4096K)
 Metaspace       used 142406K, committed 144384K, reserved 1179648K
  class space    used 14616K, committed 15552K, reserved 1048576K
}
Event: 10332.741 GC heap before
{Heap before GC invocations=473 (full 27):
 garbage-first heap   total 151552K, used 130329K [0x0000000709800000, 0x0000000800000000)
  region size 2048K, 37 young (75776K), 2 survivors (4096K)
 Metaspace       used 141569K, committed 144384K, reserved 1179648K
  class space    used 14433K, committed 15552K, reserved 1048576K
}
Event: 10332.742 GC heap after
{Heap after GC invocations=474 (full 27):
 garbage-first heap   total 151552K, used 58831K [0x0000000709800000, 0x0000000800000000)
  region size 2048K, 2 young (4096K), 2 survivors (4096K)
 Metaspace       used 141569K, committed 144384K, reserved 1179648K
  class space    used 14433K, committed 15552K, reserved 1048576K
}

