# JRE version: Java(TM) SE Runtime Environment (21.0.5+9) (build 21.0.5+9-LTS-239)
# Java VM: Java HotSpot(TM) 64-Bit Server VM (21.0.5+9-LTS-239, mixed mode, emulated-client, sharing, tiered, compressed oops, compressed class ptrs, g1 gc, windows-amd64)
GC Precious Log:
 CardTable entry size: 512
 Card Set container configuration: InlinePtr #cards 4 size 8 Array Of Cards #cards 16 size 48 Howl #buckets 8 coarsen threshold 3686 Howl Bitmap #cards 512 size 80 coarsen threshold 460 Card regions per heap region 1 cards per card region 4096
 CPUs: 16 total, 16 available
 Memory: 15775M
 Large Page Support: Disabled
 NUMA Support: Disabled
 Compressed Oops: Enabled (Zero based)
 Heap Region Size: 2M
 Heap Min Capacity: 8M
 Heap Initial Capacity: 248M
 Heap Max Capacity: 3944M
 Pre-touch: Disabled
 Parallel Workers: 13
 Concurrent Workers: 3
 Concurrent Refinement Workers: 13
 Periodic GC: Disabled
Heap:
 garbage-first heap   total 110592K, used 92727K [0x0000000709800000, 0x0000000800000000)
  region size 2048K, 25 young (51200K), 2 survivors (4096K)
 Metaspace       used 87686K, committed 88640K, reserved 1179648K
  class space    used 10943K, committed 11392K, reserved 1048576K
GC Heap History (20 events):
Event: 363.922 GC heap after
{Heap after GC invocations=65 (full 2):
 garbage-first heap   total 110592K, used 55995K [0x0000000709800000, 0x0000000800000000)
  region size 2048K, 1 young (2048K), 1 survivors (2048K)
 Metaspace       used 85140K, committed 86528K, reserved 1179648K
  class space    used 10790K, committed 11392K, reserved 1048576K
}
Event: 390.123 GC heap before
{Heap before GC invocations=65 (full 2):
 garbage-first heap   total 110592K, used 92859K [0x0000000709800000, 0x0000000800000000)
  region size 2048K, 19 young (38912K), 1 survivors (2048K)
 Metaspace       used 85160K, committed 86528K, reserved 1179648K
  class space    used 10793K, committed 11392K, reserved 1048576K
}
Event: 390.125 GC heap after
{Heap after GC invocations=66 (full 2):
 garbage-first heap   total 110592K, used 52523K [0x0000000709800000, 0x0000000800000000)
  region size 2048K, 1 young (2048K), 1 survivors (2048K)
 Metaspace       used 85160K, committed 86528K, reserved 1179648K
  class space    used 10793K, committed 11392K, reserved 1048576K
}
Event: 427.650 GC heap before
{Heap before GC invocations=66 (full 2):
 garbage-first heap   total 110592K, used 95531K [0x0000000709800000, 0x0000000800000000)
  region size 2048K, 22 young (45056K), 1 survivors (2048K)
 Metaspace       used 85160K, committed 86528K, reserved 1179648K
  class space    used 10793K, committed 11392K, reserved 1048576K
}
Event: 427.651 GC heap after
{Heap after GC invocations=67 (full 2):
 garbage-first heap   total 110592K, used 52091K [0x0000000709800000, 0x0000000800000000)
  region size 2048K, 1 young (2048K), 1 survivors (2048K)
 Metaspace       used 85160K, committed 86528K, reserved 1179648K
  class space    used 10793K, committed 11392K, reserved 1048576K
}
Event: 465.856 GC heap before
{Heap before GC invocations=68 (full 2):
 garbage-first heap   total 110592K, used 97147K [0x0000000709800000, 0x0000000800000000)
  region size 2048K, 23 young (47104K), 1 survivors (2048K)
 Metaspace       used 84456K, committed 86336K, reserved 1179648K
  class space    used 10625K, committed 11392K, reserved 1048576K
}
Event: 465.858 GC heap after
{Heap after GC invocations=69 (full 2):
 garbage-first heap   total 110592K, used 52226K [0x0000000709800000, 0x0000000800000000)
  region size 2048K, 1 young (2048K), 1 survivors (2048K)
 Metaspace       used 84456K, committed 86336K, reserved 1179648K
  class space    used 10625K, committed 11392K, reserved 1048576K
}
Event: 502.920 GC heap before
{Heap before GC invocations=69 (full 2):
 garbage-first heap   total 110592K, used 97282K [0x0000000709800000, 0x0000000800000000)
  region size 2048K, 23 young (47104K), 1 survivors (2048K)
 Metaspace       used 84456K, committed 86336K, reserved 1179648K
  class space    used 10625K, committed 11392K, reserved 1048576K
}
Event: 502.925 GC heap after
{Heap after GC invocations=70 (full 2):
 garbage-first heap   total 110592K, used 47126K [0x0000000709800000, 0x0000000800000000)
  region size 2048K, 1 young (2048K), 1 survivors (2048K)
 Metaspace       used 84456K, committed 86336K, reserved 1179648K
  class space    used 10625K, committed 11392K, reserved 1048576K
}
Event: 502.955 GC heap before
{Heap before GC invocations=70 (full 2):
 garbage-first heap   total 110592K, used 49174K [0x0000000709800000, 0x0000000800000000)
  region size 2048K, 3 young (6144K), 1 survivors (2048K)
 Metaspace       used 84462K, committed 86336K, reserved 1179648K
  class space    used 10627K, committed 11392K, reserved 1048576K
}
Event: 503.026 GC heap after
{Heap after GC invocations=71 (full 3):
 garbage-first heap   total 110592K, used 34388K [0x0000000709800000, 0x0000000800000000)
  region size 2048K, 0 young (0K), 0 survivors (0K)
 Metaspace       used 84329K, committed 86144K, reserved 1179648K
  class space    used 10596K, committed 11328K, reserved 1048576K
}
Event: 506.839 GC heap before
{Heap before GC invocations=71 (full 3):
 garbage-first heap   total 110592K, used 93780K [0x0000000709800000, 0x0000000800000000)
  region size 2048K, 30 young (61440K), 0 survivors (0K)
 Metaspace       used 85240K, committed 86528K, reserved 1179648K
  class space    used 10705K, committed 11328K, reserved 1048576K
}
Event: 506.842 GC heap after
{Heap after GC invocations=72 (full 3):
 garbage-first heap   total 110592K, used 38875K [0x0000000709800000, 0x0000000800000000)
  region size 2048K, 3 young (6144K), 3 survivors (6144K)
 Metaspace       used 85240K, committed 86528K, reserved 1179648K
  class space    used 10705K, committed 11328K, reserved 1048576K
}
Event: 514.545 GC heap before
{Heap before GC invocations=73 (full 3):
 garbage-first heap   total 110592K, used 88027K [0x0000000709800000, 0x0000000800000000)
  region size 2048K, 28 young (57344K), 3 survivors (6144K)
 Metaspace       used 85473K, committed 86720K, reserved 1179648K
  class space    used 10726K, committed 11328K, reserved 1048576K
}
Event: 514.547 GC heap after
{Heap after GC invocations=74 (full 3):
 garbage-first heap   total 110592K, used 38983K [0x0000000709800000, 0x0000000800000000)
  region size 2048K, 2 young (4096K), 2 survivors (4096K)
 Metaspace       used 85473K, committed 86720K, reserved 1179648K
  class space    used 10726K, committed 11328K, reserved 1048576K
}
Event: 514.940 GC heap before
{Heap before GC invocations=74 (full 3):
 garbage-first heap   total 110592K, used 92231K [0x0000000709800000, 0x0000000800000000)
  region size 2048K, 28 young (57344K), 2 survivors (4096K)
 Metaspace       used 86435K, committed 87424K, reserved 1179648K
  class space    used 10836K, committed 11328K, reserved 1048576K
}
Event: 514.943 GC heap after
{Heap after GC invocations=75 (full 3):
 garbage-first heap   total 110592K, used 43548K [0x0000000709800000, 0x0000000800000000)
  region size 2048K, 4 young (8192K), 4 survivors (8192K)
 Metaspace       used 86435K, committed 87424K, reserved 1179648K
  class space    used 10836K, committed 11328K, reserved 1048576K
}
Event: 515.138 GC heap before
{Heap before GC invocations=75 (full 3):
 garbage-first heap   total 110592K, used 72220K [0x0000000709800000, 0x0000000800000000)
  region size 2048K, 19 young (38912K), 4 survivors (8192K)
 Metaspace       used 87624K, committed 88640K, reserved 1179648K
  class space    used 10938K, committed 11392K, reserved 1048576K
}
Event: 515.141 GC heap after
{Heap after GC invocations=76 (full 3):
 garbage-first heap   total 110592K, used 45623K [0x0000000709800000, 0x0000000800000000)
  region size 2048K, 2 young (4096K), 2 survivors (4096K)
 Metaspace       used 87624K, committed 88640K, reserved 1179648K
  class space    used 10938K, committed 11392K, reserved 1048576K
}
Event: 532.549 GC heap before
{Heap before GC invocations=77 (full 3):
 garbage-first heap   total 110592K, used 92727K [0x0000000709800000, 0x0000000800000000)
  region size 2048K, 25 young (51200K), 2 survivors (4096K)
 Metaspace       used 87686K, committed 88640K, reserved 1179648K
  class space    used 10943K, committed 11392K, reserved 1048576K
}

