# JRE version: OpenJDK Runtime Environment Temurin-21.0.6+7 (21.0.6+7) (build 21.0.6+7-LTS)
# Java VM: OpenJDK 64-Bit Server VM Temurin-21.0.6+7 (21.0.6+7-LTS, mixed mode, emulated-client, sharing, tiered, compressed oops, compressed class ptrs, g1 gc, windows-amd64)
GC Precious Log:
 CardTable entry size: 512
 Card Set container configuration: InlinePtr #cards 4 size 8 Array Of Cards #cards 16 size 48 Howl #buckets 8 coarsen threshold 3686 Howl Bitmap #cards 512 size 80 coarsen threshold 460 Card regions per heap region 1 cards per card region 4096
 CPUs: 12 total, 12 available
 Memory: 15985M
 Large Page Support: Disabled
 NUMA Support: Disabled
 Compressed Oops: Enabled (Zero based)
 Heap Region Size: 2M
 Heap Min Capacity: 8M
 Heap Initial Capacity: 250M
 Heap Max Capacity: 3998M
 Pre-touch: Disabled
 Parallel Workers: 10
 Concurrent Workers: 3
 Concurrent Refinement Workers: 10
 Periodic GC: Disabled
Heap:
 garbage-first heap   total 110592K, used 89914K [0x0000000706200000, 0x0000000800000000)
  region size 2048K, 28 young (57344K), 2 survivors (4096K)
 Metaspace       used 69582K, committed 70656K, reserved 1114112K
  class space    used 8831K, committed 9408K, reserved 1048576K
GC Heap History (20 events):
Event: 22.774 GC heap after
{Heap after GC invocations=25 (full 0):
 garbage-first heap   total 114688K, used 48796K [0x0000000706200000, 0x0000000800000000)
  region size 2048K, 2 young (4096K), 2 survivors (4096K)
 Metaspace       used 64911K, committed 66176K, reserved 1114112K
  class space    used 8421K, committed 9024K, reserved 1048576K
}
Event: 42.179 GC heap before
{Heap before GC invocations=25 (full 0):
 garbage-first heap   total 114688K, used 97948K [0x0000000706200000, 0x0000000800000000)
  region size 2048K, 26 young (53248K), 2 survivors (4096K)
 Metaspace       used 65279K, committed 66624K, reserved 1114112K
  class space    used 8471K, committed 9088K, reserved 1048576K
}
Event: 42.183 GC heap after
{Heap after GC invocations=26 (full 0):
 garbage-first heap   total 114688K, used 48060K [0x0000000706200000, 0x0000000800000000)
  region size 2048K, 2 young (4096K), 2 survivors (4096K)
 Metaspace       used 65279K, committed 66624K, reserved 1114112K
  class space    used 8471K, committed 9088K, reserved 1048576K
}
Event: 65.648 GC heap before
{Heap before GC invocations=26 (full 0):
 garbage-first heap   total 114688K, used 99260K [0x0000000706200000, 0x0000000800000000)
  region size 2048K, 27 young (55296K), 2 survivors (4096K)
 Metaspace       used 65296K, committed 66752K, reserved 1114112K
  class space    used 8475K, committed 9152K, reserved 1048576K
}
Event: 65.649 GC heap after
{Heap after GC invocations=27 (full 0):
 garbage-first heap   total 114688K, used 48127K [0x0000000706200000, 0x0000000800000000)
  region size 2048K, 2 young (4096K), 2 survivors (4096K)
 Metaspace       used 65296K, committed 66752K, reserved 1114112K
  class space    used 8475K, committed 9152K, reserved 1048576K
}
Event: 80.435 GC heap before
{Heap before GC invocations=27 (full 0):
 garbage-first heap   total 114688K, used 97279K [0x0000000706200000, 0x0000000800000000)
  region size 2048K, 27 young (55296K), 2 survivors (4096K)
 Metaspace       used 67874K, committed 69184K, reserved 1114112K
  class space    used 8816K, committed 9408K, reserved 1048576K
}
Event: 80.438 GC heap after
{Heap after GC invocations=28 (full 0):
 garbage-first heap   total 114688K, used 49477K [0x0000000706200000, 0x0000000800000000)
  region size 2048K, 3 young (6144K), 3 survivors (6144K)
 Metaspace       used 67874K, committed 69184K, reserved 1114112K
  class space    used 8816K, committed 9408K, reserved 1048576K
}
Event: 116.146 GC heap before
{Heap before GC invocations=29 (full 0):
 garbage-first heap   total 114688K, used 96581K [0x0000000706200000, 0x0000000800000000)
  region size 2048K, 26 young (53248K), 3 survivors (6144K)
 Metaspace       used 67304K, committed 69184K, reserved 1114112K
  class space    used 8673K, committed 9408K, reserved 1048576K
}
Event: 116.149 GC heap after
{Heap after GC invocations=30 (full 0):
 garbage-first heap   total 114688K, used 49211K [0x0000000706200000, 0x0000000800000000)
  region size 2048K, 2 young (4096K), 2 survivors (4096K)
 Metaspace       used 67304K, committed 69184K, reserved 1114112K
  class space    used 8673K, committed 9408K, reserved 1048576K
}
Event: 153.384 GC heap before
{Heap before GC invocations=30 (full 0):
 garbage-first heap   total 114688K, used 100411K [0x0000000706200000, 0x0000000800000000)
  region size 2048K, 27 young (55296K), 2 survivors (4096K)
 Metaspace       used 67315K, committed 69184K, reserved 1114112K
  class space    used 8674K, committed 9408K, reserved 1048576K
}
Event: 153.389 GC heap after
{Heap after GC invocations=31 (full 0):
 garbage-first heap   total 114688K, used 45091K [0x0000000706200000, 0x0000000800000000)
  region size 2048K, 3 young (6144K), 3 survivors (6144K)
 Metaspace       used 67315K, committed 69184K, reserved 1114112K
  class space    used 8674K, committed 9408K, reserved 1048576K
}
Event: 193.858 GC heap before
{Heap before GC invocations=31 (full 0):
 garbage-first heap   total 114688K, used 98339K [0x0000000706200000, 0x0000000800000000)
  region size 2048K, 29 young (59392K), 3 survivors (6144K)
 Metaspace       used 67315K, committed 69184K, reserved 1114112K
  class space    used 8674K, committed 9408K, reserved 1048576K
}
Event: 193.861 GC heap after
{Heap after GC invocations=32 (full 0):
 garbage-first heap   total 114688K, used 43419K [0x0000000706200000, 0x0000000800000000)
  region size 2048K, 2 young (4096K), 2 survivors (4096K)
 Metaspace       used 67315K, committed 69184K, reserved 1114112K
  class space    used 8674K, committed 9408K, reserved 1048576K
}
Event: 218.261 GC heap before
{Heap before GC invocations=32 (full 0):
 garbage-first heap   total 114688K, used 78235K [0x0000000706200000, 0x0000000800000000)
  region size 2048K, 20 young (40960K), 2 survivors (4096K)
 Metaspace       used 67442K, committed 69248K, reserved 1114112K
  class space    used 8700K, committed 9408K, reserved 1048576K
}
Event: 218.305 GC heap after
{Heap after GC invocations=33 (full 1):
 garbage-first heap   total 110592K, used 29690K [0x0000000706200000, 0x0000000800000000)
  region size 2048K, 0 young (0K), 0 survivors (0K)
 Metaspace       used 66798K, committed 69248K, reserved 1114112K
  class space    used 8551K, committed 9408K, reserved 1048576K
}
Event: 220.921 GC heap before
{Heap before GC invocations=33 (full 1):
 garbage-first heap   total 110592K, used 91130K [0x0000000706200000, 0x0000000800000000)
  region size 2048K, 32 young (65536K), 0 survivors (0K)
 Metaspace       used 67714K, committed 69440K, reserved 1114112K
  class space    used 8657K, committed 9408K, reserved 1048576K
}
Event: 220.925 GC heap after
{Heap after GC invocations=34 (full 1):
 garbage-first heap   total 110592K, used 36583K [0x0000000706200000, 0x0000000800000000)
  region size 2048K, 4 young (8192K), 4 survivors (8192K)
 Metaspace       used 67714K, committed 69440K, reserved 1114112K
  class space    used 8657K, committed 9408K, reserved 1048576K
}
Event: 222.861 GC heap before
{Heap before GC invocations=35 (full 1):
 garbage-first heap   total 110592K, used 89831K [0x0000000706200000, 0x0000000800000000)
  region size 2048K, 30 young (61440K), 4 survivors (8192K)
 Metaspace       used 69096K, committed 70208K, reserved 1114112K
  class space    used 8792K, committed 9408K, reserved 1048576K
}
Event: 222.865 GC heap after
{Heap after GC invocations=36 (full 1):
 garbage-first heap   total 110592K, used 36666K [0x0000000706200000, 0x0000000800000000)
  region size 2048K, 3 young (6144K), 3 survivors (6144K)
 Metaspace       used 69096K, committed 70208K, reserved 1114112K
  class space    used 8792K, committed 9408K, reserved 1048576K
}
Event: 236.622 GC heap before
{Heap before GC invocations=36 (full 1):
 garbage-first heap   total 110592K, used 89914K [0x0000000706200000, 0x0000000800000000)
  region size 2048K, 29 young (59392K), 3 survivors (6144K)
 Metaspace       used 69582K, committed 70656K, reserved 1114112K
  class space    used 8831K, committed 9408K, reserved 1048576K
}

