# JRE version: Java(TM) SE Runtime Environment (21.0.5+9) (build 21.0.5+9-LTS-239)
# Java VM: Java HotSpot(TM) 64-Bit Server VM (21.0.5+9-LTS-239, mixed mode, emulated-client, sharing, tiered, compressed oops, compressed class ptrs, g1 gc, windows-amd64)
GC Precious Log:
 CardTable entry size: 512
 Card Set container configuration: InlinePtr #cards 4 size 8 Array Of Cards #cards 16 size 48 Howl #buckets 8 coarsen threshold 3686 Howl Bitmap #cards 512 size 80 coarsen threshold 460 Card regions per heap region 1 cards per card region 4096
 CPUs: 16 total, 16 available
 Memory: 15775M
 Large Page Support: Disabled
 NUMA Support: Disabled
 Compressed Oops: Enabled (Zero based)
 Heap Region Size: 2M
 Heap Min Capacity: 8M
 Heap Initial Capacity: 248M
 Heap Max Capacity: 3944M
 Pre-touch: Disabled
 Parallel Workers: 13
 Concurrent Workers: 3
 Concurrent Refinement Workers: 13
 Periodic GC: Disabled
Heap:
 garbage-first heap   total 110592K, used 87287K [0x0000000709800000, 0x0000000800000000)
  region size 2048K, 27 young (55296K), 2 survivors (4096K)
 Metaspace       used 81908K, committed 82752K, reserved 1179648K
  class space    used 9776K, committed 10176K, reserved 1048576K
GC Heap History (20 events):
Event: 2961.521 GC heap after
{Heap after GC invocations=113 (full 4):
 garbage-first heap   total 110592K, used 36036K [0x0000000709800000, 0x0000000800000000)
  region size 2048K, 4 young (8192K), 4 survivors (8192K)
 Metaspace       used 76067K, committed 76928K, reserved 1179648K
  class space    used 9358K, committed 9728K, reserved 1048576K
}
Event: 2961.654 GC heap before
{Heap before GC invocations=113 (full 4):
 garbage-first heap   total 110592K, used 52420K [0x0000000709800000, 0x0000000800000000)
  region size 2048K, 13 young (26624K), 4 survivors (8192K)
 Metaspace       used 76708K, committed 77568K, reserved 1179648K
  class space    used 9406K, committed 9792K, reserved 1048576K
}
Event: 2961.656 GC heap after
{Heap after GC invocations=114 (full 4):
 garbage-first heap   total 110592K, used 38050K [0x0000000709800000, 0x0000000800000000)
  region size 2048K, 2 young (4096K), 2 survivors (4096K)
 Metaspace       used 76708K, committed 77568K, reserved 1179648K
  class space    used 9406K, committed 9792K, reserved 1048576K
}
Event: 2979.973 GC heap before
{Heap before GC invocations=115 (full 4):
 garbage-first heap   total 110592K, used 87202K [0x0000000709800000, 0x0000000800000000)
  region size 2048K, 26 young (53248K), 2 survivors (4096K)
 Metaspace       used 77060K, committed 78080K, reserved 1179648K
  class space    used 9453K, committed 9920K, reserved 1048576K
}
Event: 2979.975 GC heap after
{Heap after GC invocations=116 (full 4):
 garbage-first heap   total 110592K, used 40505K [0x0000000709800000, 0x0000000800000000)
  region size 2048K, 3 young (6144K), 3 survivors (6144K)
 Metaspace       used 77060K, committed 78080K, reserved 1179648K
  class space    used 9453K, committed 9920K, reserved 1048576K
}
Event: 2993.883 GC heap before
{Heap before GC invocations=116 (full 4):
 garbage-first heap   total 110592K, used 58937K [0x0000000709800000, 0x0000000800000000)
  region size 2048K, 13 young (26624K), 3 survivors (6144K)
 Metaspace       used 77063K, committed 78080K, reserved 1179648K
  class space    used 9454K, committed 9920K, reserved 1048576K
}
Event: 2993.908 GC heap after
{Heap after GC invocations=117 (full 5):
 garbage-first heap   total 110592K, used 32190K [0x0000000709800000, 0x0000000800000000)
  region size 2048K, 0 young (0K), 0 survivors (0K)
 Metaspace       used 76836K, committed 78080K, reserved 1179648K
  class space    used 9409K, committed 9920K, reserved 1048576K
}
Event: 2994.589 GC heap before
{Heap before GC invocations=117 (full 5):
 garbage-first heap   total 110592K, used 91582K [0x0000000709800000, 0x0000000800000000)
  region size 2048K, 29 young (59392K), 0 survivors (0K)
 Metaspace       used 77590K, committed 78592K, reserved 1179648K
  class space    used 9496K, committed 9920K, reserved 1048576K
}
Event: 2994.591 GC heap after
{Heap after GC invocations=118 (full 5):
 garbage-first heap   total 110592K, used 37637K [0x0000000709800000, 0x0000000800000000)
  region size 2048K, 3 young (6144K), 3 survivors (6144K)
 Metaspace       used 77590K, committed 78592K, reserved 1179648K
  class space    used 9496K, committed 9920K, reserved 1048576K
}
Event: 2994.957 GC heap before
{Heap before GC invocations=119 (full 5):
 garbage-first heap   total 110592K, used 90885K [0x0000000709800000, 0x0000000800000000)
  region size 2048K, 29 young (59392K), 3 survivors (6144K)
 Metaspace       used 79249K, committed 80192K, reserved 1179648K
  class space    used 9616K, committed 10048K, reserved 1048576K
}
Event: 2994.960 GC heap after
{Heap after GC invocations=120 (full 5):
 garbage-first heap   total 110592K, used 40990K [0x0000000709800000, 0x0000000800000000)
  region size 2048K, 2 young (4096K), 2 survivors (4096K)
 Metaspace       used 79249K, committed 80192K, reserved 1179648K
  class space    used 9616K, committed 10048K, reserved 1048576K
}
Event: 3031.920 GC heap before
{Heap before GC invocations=120 (full 5):
 garbage-first heap   total 110592K, used 92190K [0x0000000709800000, 0x0000000800000000)
  region size 2048K, 27 young (55296K), 2 survivors (4096K)
 Metaspace       used 79273K, committed 80192K, reserved 1179648K
  class space    used 9619K, committed 10048K, reserved 1048576K
}
Event: 3031.922 GC heap after
{Heap after GC invocations=121 (full 5):
 garbage-first heap   total 110592K, used 41405K [0x0000000709800000, 0x0000000800000000)
  region size 2048K, 2 young (4096K), 2 survivors (4096K)
 Metaspace       used 79273K, committed 80192K, reserved 1179648K
  class space    used 9619K, committed 10048K, reserved 1048576K
}
Event: 3078.648 GC heap before
{Heap before GC invocations=121 (full 5):
 garbage-first heap   total 110592K, used 96701K [0x0000000709800000, 0x0000000800000000)
  region size 2048K, 29 young (59392K), 2 survivors (4096K)
 Metaspace       used 79273K, committed 80192K, reserved 1179648K
  class space    used 9619K, committed 10048K, reserved 1048576K
}
Event: 3078.650 GC heap after
{Heap after GC invocations=122 (full 5):
 garbage-first heap   total 110592K, used 41443K [0x0000000709800000, 0x0000000800000000)
  region size 2048K, 2 young (4096K), 2 survivors (4096K)
 Metaspace       used 79273K, committed 80192K, reserved 1179648K
  class space    used 9619K, committed 10048K, reserved 1048576K
}
Event: 3099.561 GC heap before
{Heap before GC invocations=123 (full 5):
 garbage-first heap   total 110592K, used 68067K [0x0000000709800000, 0x0000000800000000)
  region size 2048K, 16 young (32768K), 2 survivors (4096K)
 Metaspace       used 79105K, committed 80192K, reserved 1179648K
  class space    used 9574K, committed 10048K, reserved 1048576K
}
Event: 3099.585 GC heap after
{Heap after GC invocations=124 (full 6):
 garbage-first heap   total 110592K, used 28964K [0x0000000709800000, 0x0000000800000000)
  region size 2048K, 0 young (0K), 0 survivors (0K)
 Metaspace       used 78949K, committed 80192K, reserved 1179648K
  class space    used 9547K, committed 10048K, reserved 1048576K
}
Event: 3100.103 GC heap before
{Heap before GC invocations=124 (full 6):
 garbage-first heap   total 110592K, used 92452K [0x0000000709800000, 0x0000000800000000)
  region size 2048K, 31 young (63488K), 0 survivors (0K)
 Metaspace       used 79798K, committed 80704K, reserved 1179648K
  class space    used 9648K, committed 10048K, reserved 1048576K
}
Event: 3100.106 GC heap after
{Heap after GC invocations=125 (full 6):
 garbage-first heap   total 110592K, used 36087K [0x0000000709800000, 0x0000000800000000)
  region size 2048K, 4 young (8192K), 4 survivors (8192K)
 Metaspace       used 79798K, committed 80704K, reserved 1179648K
  class space    used 9648K, committed 10048K, reserved 1048576K
}
Event: 4783.944 GC heap before
{Heap before GC invocations=126 (full 6):
 garbage-first heap   total 110592K, used 85239K [0x0000000709800000, 0x0000000800000000)
  region size 2048K, 29 young (59392K), 4 survivors (8192K)
 Metaspace       used 81908K, committed 82752K, reserved 1179648K
  class space    used 9776K, committed 10176K, reserved 1048576K
}

