# JRE version: Java(TM) SE Runtime Environment (21.0.5+9) (build 21.0.5+9-LTS-239)
# Java VM: Java HotSpot(TM) 64-Bit Server VM (21.0.5+9-LTS-239, mixed mode, emulated-client, sharing, tiered, compressed oops, compressed class ptrs, g1 gc, windows-amd64)
GC Precious Log:
 CardTable entry size: 512
 Card Set container configuration: InlinePtr #cards 4 size 8 Array Of Cards #cards 16 size 48 Howl #buckets 8 coarsen threshold 3686 Howl Bitmap #cards 512 size 80 coarsen threshold 460 Card regions per heap region 1 cards per card region 4096
 CPUs: 16 total, 16 available
 Memory: 15775M
 Large Page Support: Disabled
 NUMA Support: Disabled
 Compressed Oops: Enabled (Zero based)
 Heap Region Size: 2M
 Heap Min Capacity: 8M
 Heap Initial Capacity: 248M
 Heap Max Capacity: 3944M
 Pre-touch: Disabled
 Parallel Workers: 13
 Concurrent Workers: 3
 Concurrent Refinement Workers: 13
 Periodic GC: Disabled
Heap:
 garbage-first heap   total 172032K, used 132349K [0x0000000709800000, 0x0000000800000000)
  region size 2048K, 37 young (75776K), 1 survivors (2048K)
 Metaspace       used 177626K, committed 179968K, reserved 1245184K
  class space    used 17307K, committed 18368K, reserved 1048576K
GC Heap History (20 events):
Event: 12889.793 GC heap before
{Heap before GC invocations=9893 (full 39):
 garbage-first heap   total 172032K, used 149528K [0x0000000709800000, 0x0000000800000000)
  region size 2048K, 46 young (94208K), 3 survivors (6144K)
 Metaspace       used 177421K, committed 179840K, reserved 1245184K
  class space    used 17259K, committed 18368K, reserved 1048576K
}
Event: 12889.795 GC heap after
{Heap after GC invocations=9894 (full 39):
 garbage-first heap   total 172032K, used 64359K [0x0000000709800000, 0x0000000800000000)
  region size 2048K, 3 young (6144K), 3 survivors (6144K)
 Metaspace       used 177421K, committed 179840K, reserved 1245184K
  class space    used 17259K, committed 18368K, reserved 1048576K
}
Event: 12925.077 GC heap before
{Heap before GC invocations=9894 (full 39):
 garbage-first heap   total 172032K, used 152423K [0x0000000709800000, 0x0000000800000000)
  region size 2048K, 46 young (94208K), 3 survivors (6144K)
 Metaspace       used 177431K, committed 179840K, reserved 1245184K
  class space    used 17260K, committed 18368K, reserved 1048576K
}
Event: 12925.079 GC heap after
{Heap after GC invocations=9895 (full 39):
 garbage-first heap   total 172032K, used 62186K [0x0000000709800000, 0x0000000800000000)
  region size 2048K, 2 young (4096K), 2 survivors (4096K)
 Metaspace       used 177431K, committed 179840K, reserved 1245184K
  class space    used 17260K, committed 18368K, reserved 1048576K
}
Event: 12958.730 GC heap before
{Heap before GC invocations=9895 (full 39):
 garbage-first heap   total 172032K, used 156394K [0x0000000709800000, 0x0000000800000000)
  region size 2048K, 48 young (98304K), 2 survivors (4096K)
 Metaspace       used 177431K, committed 179840K, reserved 1245184K
  class space    used 17260K, committed 18368K, reserved 1048576K
}
Event: 12958.732 GC heap after
{Heap after GC invocations=9896 (full 39):
 garbage-first heap   total 172032K, used 61974K [0x0000000709800000, 0x0000000800000000)
  region size 2048K, 2 young (4096K), 2 survivors (4096K)
 Metaspace       used 177431K, committed 179840K, reserved 1245184K
  class space    used 17260K, committed 18368K, reserved 1048576K
}
Event: 12997.826 GC heap before
{Heap before GC invocations=9897 (full 39):
 garbage-first heap   total 172032K, used 156182K [0x0000000709800000, 0x0000000800000000)
  region size 2048K, 48 young (98304K), 2 survivors (4096K)
 Metaspace       used 177414K, committed 179840K, reserved 1245184K
  class space    used 17256K, committed 18368K, reserved 1048576K
}
Event: 12997.827 GC heap after
{Heap after GC invocations=9898 (full 39):
 garbage-first heap   total 172032K, used 62114K [0x0000000709800000, 0x0000000800000000)
  region size 2048K, 2 young (4096K), 2 survivors (4096K)
 Metaspace       used 177414K, committed 179840K, reserved 1245184K
  class space    used 17256K, committed 18368K, reserved 1048576K
}
Event: 13013.951 GC heap before
{Heap before GC invocations=9898 (full 39):
 garbage-first heap   total 172032K, used 133794K [0x0000000709800000, 0x0000000800000000)
  region size 2048K, 38 young (77824K), 2 survivors (4096K)
 Metaspace       used 177422K, committed 179840K, reserved 1245184K
  class space    used 17257K, committed 18368K, reserved 1048576K
}
Event: 13013.954 GC heap after
{Heap after GC invocations=9899 (full 39):
 garbage-first heap   total 172032K, used 62003K [0x0000000709800000, 0x0000000800000000)
  region size 2048K, 2 young (4096K), 2 survivors (4096K)
 Metaspace       used 177422K, committed 179840K, reserved 1245184K
  class space    used 17257K, committed 18368K, reserved 1048576K
}
Event: 13042.851 GC heap before
{Heap before GC invocations=9900 (full 39):
 garbage-first heap   total 172032K, used 154163K [0x0000000709800000, 0x0000000800000000)
  region size 2048K, 48 young (98304K), 2 survivors (4096K)
 Metaspace       used 177490K, committed 179840K, reserved 1245184K
  class space    used 17275K, committed 18368K, reserved 1048576K
}
Event: 13042.853 GC heap after
{Heap after GC invocations=9901 (full 39):
 garbage-first heap   total 172032K, used 62630K [0x0000000709800000, 0x0000000800000000)
  region size 2048K, 2 young (4096K), 2 survivors (4096K)
 Metaspace       used 177490K, committed 179840K, reserved 1245184K
  class space    used 17275K, committed 18368K, reserved 1048576K
}
Event: 13073.143 GC heap before
{Heap before GC invocations=9901 (full 39):
 garbage-first heap   total 172032K, used 156838K [0x0000000709800000, 0x0000000800000000)
  region size 2048K, 48 young (98304K), 2 survivors (4096K)
 Metaspace       used 177598K, committed 179904K, reserved 1245184K
  class space    used 17301K, committed 18368K, reserved 1048576K
}
Event: 13073.145 GC heap after
{Heap after GC invocations=9902 (full 39):
 garbage-first heap   total 172032K, used 62009K [0x0000000709800000, 0x0000000800000000)
  region size 2048K, 2 young (4096K), 2 survivors (4096K)
 Metaspace       used 177598K, committed 179904K, reserved 1245184K
  class space    used 17301K, committed 18368K, reserved 1048576K
}
Event: 13112.566 GC heap before
{Heap before GC invocations=9902 (full 39):
 garbage-first heap   total 172032K, used 156217K [0x0000000709800000, 0x0000000800000000)
  region size 2048K, 48 young (98304K), 2 survivors (4096K)
 Metaspace       used 177598K, committed 179904K, reserved 1245184K
  class space    used 17301K, committed 18368K, reserved 1048576K
}
Event: 13112.568 GC heap after
{Heap after GC invocations=9903 (full 39):
 garbage-first heap   total 172032K, used 61272K [0x0000000709800000, 0x0000000800000000)
  region size 2048K, 2 young (4096K), 2 survivors (4096K)
 Metaspace       used 177598K, committed 179904K, reserved 1245184K
  class space    used 17301K, committed 18368K, reserved 1048576K
}
Event: 13151.737 GC heap before
{Heap before GC invocations=9904 (full 39):
 garbage-first heap   total 172032K, used 155480K [0x0000000709800000, 0x0000000800000000)
  region size 2048K, 48 young (98304K), 2 survivors (4096K)
 Metaspace       used 177598K, committed 179904K, reserved 1245184K
  class space    used 17301K, committed 18368K, reserved 1048576K
}
Event: 13151.738 GC heap after
{Heap after GC invocations=9905 (full 39):
 garbage-first heap   total 172032K, used 61652K [0x0000000709800000, 0x0000000800000000)
  region size 2048K, 2 young (4096K), 2 survivors (4096K)
 Metaspace       used 177598K, committed 179904K, reserved 1245184K
  class space    used 17301K, committed 18368K, reserved 1048576K
}
Event: 13173.422 GC heap before
{Heap before GC invocations=9905 (full 39):
 garbage-first heap   total 172032K, used 155860K [0x0000000709800000, 0x0000000800000000)
  region size 2048K, 48 young (98304K), 2 survivors (4096K)
 Metaspace       used 177600K, committed 179904K, reserved 1245184K
  class space    used 17302K, committed 18368K, reserved 1048576K
}
Event: 13173.424 GC heap after
{Heap after GC invocations=9906 (full 39):
 garbage-first heap   total 172032K, used 60669K [0x0000000709800000, 0x0000000800000000)
  region size 2048K, 1 young (2048K), 1 survivors (2048K)
 Metaspace       used 177600K, committed 179904K, reserved 1245184K
  class space    used 17302K, committed 18368K, reserved 1048576K
}

