# JRE version: Java(TM) SE Runtime Environment (21.0.5+9) (build 21.0.5+9-LTS-239)
# Java VM: Java HotSpot(TM) 64-Bit Server VM (21.0.5+9-LTS-239, mixed mode, emulated-client, sharing, tiered, compressed oops, compressed class ptrs, g1 gc, windows-amd64)
GC Precious Log:
 CardTable entry size: 512
 Card Set container configuration: InlinePtr #cards 4 size 8 Array Of Cards #cards 16 size 48 Howl #buckets 8 coarsen threshold 3686 Howl Bitmap #cards 512 size 80 coarsen threshold 460 Card regions per heap region 1 cards per card region 4096
 CPUs: 16 total, 16 available
 Memory: 15775M
 Large Page Support: Disabled
 NUMA Support: Disabled
 Compressed Oops: Enabled (Zero based)
 Heap Region Size: 2M
 Heap Min Capacity: 8M
 Heap Initial Capacity: 248M
 Heap Max Capacity: 3944M
 Pre-touch: Disabled
 Parallel Workers: 13
 Concurrent Workers: 3
 Concurrent Refinement Workers: 13
 Periodic GC: Disabled
Heap:
 garbage-first heap   total 165888K, used 130259K [0x0000000709800000, 0x0000000800000000)
  region size 2048K, 42 young (86016K), 1 survivors (2048K)
 Metaspace       used 103406K, committed 105536K, reserved 1179648K
  class space    used 11746K, committed 12736K, reserved 1048576K
GC Heap History (20 events):
Event: 11586.695 GC heap before
{Heap before GC invocations=6796 (full 10):
 garbage-first heap   total 165888K, used 146063K [0x0000000709800000, 0x0000000800000000)
  region size 2048K, 48 young (98304K), 1 survivors (2048K)
 Metaspace       used 103388K, committed 105536K, reserved 1179648K
  class space    used 11746K, committed 12736K, reserved 1048576K
}
Event: 11586.696 GC heap after
{Heap after GC invocations=6797 (full 10):
 garbage-first heap   total 165888K, used 50107K [0x0000000709800000, 0x0000000800000000)
  region size 2048K, 1 young (2048K), 1 survivors (2048K)
 Metaspace       used 103388K, committed 105536K, reserved 1179648K
  class space    used 11746K, committed 12736K, reserved 1048576K
}
Event: 11587.135 GC heap before
{Heap before GC invocations=6797 (full 10):
 garbage-first heap   total 165888K, used 146363K [0x0000000709800000, 0x0000000800000000)
  region size 2048K, 48 young (98304K), 1 survivors (2048K)
 Metaspace       used 103388K, committed 105536K, reserved 1179648K
  class space    used 11746K, committed 12736K, reserved 1048576K
}
Event: 11587.135 GC heap after
{Heap after GC invocations=6798 (full 10):
 garbage-first heap   total 165888K, used 49777K [0x0000000709800000, 0x0000000800000000)
  region size 2048K, 1 young (2048K), 1 survivors (2048K)
 Metaspace       used 103388K, committed 105536K, reserved 1179648K
  class space    used 11746K, committed 12736K, reserved 1048576K
}
Event: 11587.570 GC heap before
{Heap before GC invocations=6798 (full 10):
 garbage-first heap   total 165888K, used 146033K [0x0000000709800000, 0x0000000800000000)
  region size 2048K, 48 young (98304K), 1 survivors (2048K)
 Metaspace       used 103388K, committed 105536K, reserved 1179648K
  class space    used 11746K, committed 12736K, reserved 1048576K
}
Event: 11587.571 GC heap after
{Heap after GC invocations=6799 (full 10):
 garbage-first heap   total 165888K, used 49891K [0x0000000709800000, 0x0000000800000000)
  region size 2048K, 1 young (2048K), 1 survivors (2048K)
 Metaspace       used 103388K, committed 105536K, reserved 1179648K
  class space    used 11746K, committed 12736K, reserved 1048576K
}
Event: 11588.006 GC heap before
{Heap before GC invocations=6799 (full 10):
 garbage-first heap   total 165888K, used 146147K [0x0000000709800000, 0x0000000800000000)
  region size 2048K, 48 young (98304K), 1 survivors (2048K)
 Metaspace       used 103388K, committed 105536K, reserved 1179648K
  class space    used 11746K, committed 12736K, reserved 1048576K
}
Event: 11588.007 GC heap after
{Heap after GC invocations=6800 (full 10):
 garbage-first heap   total 165888K, used 50107K [0x0000000709800000, 0x0000000800000000)
  region size 2048K, 1 young (2048K), 1 survivors (2048K)
 Metaspace       used 103388K, committed 105536K, reserved 1179648K
  class space    used 11746K, committed 12736K, reserved 1048576K
}
Event: 11588.440 GC heap before
{Heap before GC invocations=6800 (full 10):
 garbage-first heap   total 165888K, used 146363K [0x0000000709800000, 0x0000000800000000)
  region size 2048K, 48 young (98304K), 1 survivors (2048K)
 Metaspace       used 103388K, committed 105536K, reserved 1179648K
  class space    used 11746K, committed 12736K, reserved 1048576K
}
Event: 11588.441 GC heap after
{Heap after GC invocations=6801 (full 10):
 garbage-first heap   total 165888K, used 49752K [0x0000000709800000, 0x0000000800000000)
  region size 2048K, 1 young (2048K), 1 survivors (2048K)
 Metaspace       used 103388K, committed 105536K, reserved 1179648K
  class space    used 11746K, committed 12736K, reserved 1048576K
}
Event: 11588.871 GC heap before
{Heap before GC invocations=6801 (full 10):
 garbage-first heap   total 165888K, used 146008K [0x0000000709800000, 0x0000000800000000)
  region size 2048K, 48 young (98304K), 1 survivors (2048K)
 Metaspace       used 103388K, committed 105536K, reserved 1179648K
  class space    used 11746K, committed 12736K, reserved 1048576K
}
Event: 11588.872 GC heap after
{Heap after GC invocations=6802 (full 10):
 garbage-first heap   total 165888K, used 50685K [0x0000000709800000, 0x0000000800000000)
  region size 2048K, 1 young (2048K), 1 survivors (2048K)
 Metaspace       used 103388K, committed 105536K, reserved 1179648K
  class space    used 11746K, committed 12736K, reserved 1048576K
}
Event: 11589.307 GC heap before
{Heap before GC invocations=6802 (full 10):
 garbage-first heap   total 165888K, used 146941K [0x0000000709800000, 0x0000000800000000)
  region size 2048K, 48 young (98304K), 1 survivors (2048K)
 Metaspace       used 103388K, committed 105536K, reserved 1179648K
  class space    used 11746K, committed 12736K, reserved 1048576K
}
Event: 11589.308 GC heap after
{Heap after GC invocations=6803 (full 10):
 garbage-first heap   total 165888K, used 50337K [0x0000000709800000, 0x0000000800000000)
  region size 2048K, 1 young (2048K), 1 survivors (2048K)
 Metaspace       used 103388K, committed 105536K, reserved 1179648K
  class space    used 11746K, committed 12736K, reserved 1048576K
}
Event: 11589.742 GC heap before
{Heap before GC invocations=6803 (full 10):
 garbage-first heap   total 165888K, used 146593K [0x0000000709800000, 0x0000000800000000)
  region size 2048K, 48 young (98304K), 1 survivors (2048K)
 Metaspace       used 103388K, committed 105536K, reserved 1179648K
  class space    used 11746K, committed 12736K, reserved 1048576K
}
Event: 11589.742 GC heap after
{Heap after GC invocations=6804 (full 10):
 garbage-first heap   total 165888K, used 50377K [0x0000000709800000, 0x0000000800000000)
  region size 2048K, 1 young (2048K), 1 survivors (2048K)
 Metaspace       used 103388K, committed 105536K, reserved 1179648K
  class space    used 11746K, committed 12736K, reserved 1048576K
}
Event: 11590.198 GC heap before
{Heap before GC invocations=6804 (full 10):
 garbage-first heap   total 165888K, used 144585K [0x0000000709800000, 0x0000000800000000)
  region size 2048K, 48 young (98304K), 1 survivors (2048K)
 Metaspace       used 103388K, committed 105536K, reserved 1179648K
  class space    used 11746K, committed 12736K, reserved 1048576K
}
Event: 11590.199 GC heap after
{Heap after GC invocations=6805 (full 10):
 garbage-first heap   total 165888K, used 50721K [0x0000000709800000, 0x0000000800000000)
  region size 2048K, 1 young (2048K), 1 survivors (2048K)
 Metaspace       used 103388K, committed 105536K, reserved 1179648K
  class space    used 11746K, committed 12736K, reserved 1048576K
}
Event: 11590.650 GC heap before
{Heap before GC invocations=6805 (full 10):
 garbage-first heap   total 165888K, used 146977K [0x0000000709800000, 0x0000000800000000)
  region size 2048K, 48 young (98304K), 1 survivors (2048K)
 Metaspace       used 103388K, committed 105536K, reserved 1179648K
  class space    used 11746K, committed 12736K, reserved 1048576K
}
Event: 11590.651 GC heap after
{Heap after GC invocations=6806 (full 10):
 garbage-first heap   total 165888K, used 50387K [0x0000000709800000, 0x0000000800000000)
  region size 2048K, 1 young (2048K), 1 survivors (2048K)
 Metaspace       used 103388K, committed 105536K, reserved 1179648K
  class space    used 11746K, committed 12736K, reserved 1048576K
}

